Namespace(conf='../conf/My_EMNIST_balance_conf.json', dataset='mnist', gpu=1.0, iid=True, use_pretrained_model=False)
X shape : (60000, 28, 28)
y shape : (60000,)
X shape : (10000, 28, 28)
y shape : (10000,)
19    6000
18    6000
17    6000
16    6000
15    6000
14    6000
13    6000
12    6000
11    6000
10    6000
dtype: int64
============================================================
============================================================
X shape : (10000, 28, 28)
y shape : (10000,)
model 0 : ResNet18_1
model 1 : ResNet34_1
model 2 : mobilenet_1
model 3 : shufflenet_1
model 4 : ResNet18_2
model 5 : ResNet34_2
model 6 : mobilenet_2
model 7 : shufflenet_2
model 8 : ResNet18_3
model 9 : ResNet34_3
model 10 : mobilenet_3
model 11 : shufflenet_3
model 12 : ResNet18_4
model 13 : ResNet34_4
model 14 : mobilenet_4
model 15 : shufflenet_4
model 16 : ResNet18_5
model 17 : ResNet34_5
model 18 : mobilenet_5
model 19 : shufflenet_5
Training model  0
Training model  1
Training model  2
Training model  3
Training model  4
Training model  5
Training model  6
Training model  7
Training model  8
Training model  9
Training model  10
Training model  11
Training model  12
Training model  13
Training model  14
Training model  15
Training model  16
Training model  17
Training model  18
Training model  19
pre-train accuracy: 
[0.9730023734177216, 0.9926819620253164, 0.9887262658227848, 0.9921875, 0.9911985759493671, 0.9904074367088608, 0.9892207278481012, 0.9834849683544303, 0.991495253164557, 0.9922863924050633, 0.9892207278481012, 0.9920886075949367, 0.991495253164557, 0.9941653481012658, 0.9871439873417721, 0.9885284810126582, 0.9925830696202531, 0.9926819620253164, 0.9885284810126582, 0.9897151898734177]
publice_dataset[y]: [5 0 4 ... 5 6 8]
calculate the theoretical upper bounds for participants: 
the upper bounds are: [0.8022164536741214, 0.8062100638977636, 0.7343250798722045, 0.7660742811501597, 0.801617412140575, 0.7582867412140575, 0.7505990415335463, 0.7708666134185304, 0.7914337060702875, 0.7870407348242812, 0.7524960063897763, 0.7753594249201278, 0.8110023961661342, 0.7845447284345048, 0.7303314696485623, 0.7452076677316294, 0.8160942492012779, 0.786741214057508, 0.7413138977635783, 0.775758785942492]
start model initialization: 
finish model initialization: 
round  0
update logits ... 
test performance ... 
model 0 use labels test: [19 12 11 ... 18 11 15]
0.039436900958466456
model 1 use labels test: [19 12 11 ... 18 11 15]
0.13837859424920126
model 2 use labels test: [19 12 11 ... 18 11 15]
0.0
model 3 use labels test: [19 12 11 ... 18 11 15]
0.005890575079872205
model 4 use labels test: [19 12 11 ... 18 11 15]
0.21974840255591055
model 5 use labels test: [19 12 11 ... 18 11 15]
0.10213658146964856
model 6 use labels test: [19 12 11 ... 18 11 15]
0.0
model 7 use labels test: [19 12 11 ... 18 11 15]
0.006789137380191693
model 8 use labels test: [19 12 11 ... 18 11 15]
0.3073083067092652
model 9 use labels test: [19 12 11 ... 18 11 15]
0.1334864217252396
model 10 use labels test: [19 12 11 ... 18 11 15]
0.0
model 11 use labels test: [19 12 11 ... 18 11 15]
0.001297923322683706
model 12 use labels test: [19 12 11 ... 18 11 15]
0.106629392971246
model 13 use labels test: [19 12 11 ... 18 11 15]
0.19398961661341854
model 14 use labels test: [19 12 11 ... 18 11 15]
0.0011980830670926517
model 15 use labels test: [19 12 11 ... 18 11 15]
0.0670926517571885
model 16 use labels test: [19 12 11 ... 18 11 15]
0.13358626198083068
model 17 use labels test: [19 12 11 ... 18 11 15]
0.12290335463258786
model 18 use labels test: [19 12 11 ... 18 11 15]
0.0
model 19 use labels test: [19 12 11 ... 18 11 15]
0.007787539936102236
updates models ...
model 0 starting alignment with public logits... 
model 0 done alignment
model 0 starting training with private data... 
model 0 done private training. 

model 1 starting alignment with public logits... 
model 1 done alignment
model 1 starting training with private data... 
model 1 done private training. 

model 2 starting alignment with public logits... 
model 2 done alignment
model 2 starting training with private data... 
model 2 done private training. 

model 3 starting alignment with public logits... 
model 3 done alignment
model 3 starting training with private data... 
model 3 done private training. 

model 4 starting alignment with public logits... 
model 4 done alignment
model 4 starting training with private data... 
model 4 done private training. 

model 5 starting alignment with public logits... 
model 5 done alignment
model 5 starting training with private data... 
model 5 done private training. 

model 6 starting alignment with public logits... 
model 6 done alignment
model 6 starting training with private data... 
model 6 done private training. 

model 7 starting alignment with public logits... 
model 7 done alignment
model 7 starting training with private data... 
model 7 done private training. 

model 8 starting alignment with public logits... 
model 8 done alignment
model 8 starting training with private data... 
model 8 done private training. 

model 9 starting alignment with public logits... 
model 9 done alignment
model 9 starting training with private data... 
model 9 done private training. 

model 10 starting alignment with public logits... 
model 10 done alignment
model 10 starting training with private data... 
model 10 done private training. 

model 11 starting alignment with public logits... 
model 11 done alignment
model 11 starting training with private data... 
model 11 done private training. 

model 12 starting alignment with public logits... 
model 12 done alignment
model 12 starting training with private data... 
model 12 done private training. 

model 13 starting alignment with public logits... 
model 13 done alignment
model 13 starting training with private data... 
model 13 done private training. 

model 14 starting alignment with public logits... 
model 14 done alignment
model 14 starting training with private data... 
model 14 done private training. 

model 15 starting alignment with public logits... 
model 15 done alignment
model 15 starting training with private data... 
model 15 done private training. 

model 16 starting alignment with public logits... 
model 16 done alignment
model 16 starting training with private data... 
model 16 done private training. 

model 17 starting alignment with public logits... 
model 17 done alignment
model 17 starting training with private data... 
model 17 done private training. 

model 18 starting alignment with public logits... 
model 18 done alignment
model 18 starting training with private data... 
model 18 done private training. 

model 19 starting alignment with public logits... 
model 19 done alignment
model 19 starting training with private data... 
model 19 done private training. 

round  1
update logits ... 
test performance ... 
model 0 use labels test: [19 12 11 ... 18 11 15]
0.4557707667731629
model 1 use labels test: [19 12 11 ... 18 11 15]
0.4740415335463259
model 2 use labels test: [19 12 11 ... 18 11 15]
0.305211661341853
model 3 use labels test: [19 12 11 ... 18 11 15]
0.24480830670926518
model 4 use labels test: [19 12 11 ... 18 11 15]
0.42621805111821087
model 5 use labels test: [19 12 11 ... 18 11 15]
0.42012779552715657
model 6 use labels test: [19 12 11 ... 18 11 15]
0.25099840255591055
model 7 use labels test: [19 12 11 ... 18 11 15]
0.4029552715654952
model 8 use labels test: [19 12 11 ... 18 11 15]
0.46535543130990414
model 9 use labels test: [19 12 11 ... 18 11 15]
0.3181908945686901
model 10 use labels test: [19 12 11 ... 18 11 15]
0.33376597444089456
model 11 use labels test: [19 12 11 ... 18 11 15]
0.2808506389776358
model 12 use labels test: [19 12 11 ... 18 11 15]
0.38089057507987223
model 13 use labels test: [19 12 11 ... 18 11 15]
0.37050718849840253
model 14 use labels test: [19 12 11 ... 18 11 15]
0.31389776357827476
model 15 use labels test: [19 12 11 ... 18 11 15]
0.33775958466453676
model 16 use labels test: [19 12 11 ... 18 11 15]
0.393370607028754
model 17 use labels test: [19 12 11 ... 18 11 15]
0.3315694888178914
model 18 use labels test: [19 12 11 ... 18 11 15]
0.24600638977635783
model 19 use labels test: [19 12 11 ... 18 11 15]
0.31190095846645366
updates models ...
model 0 starting alignment with public logits... 
model 0 done alignment
model 0 starting training with private data... 
model 0 done private training. 

model 1 starting alignment with public logits... 
model 1 done alignment
model 1 starting training with private data... 
model 1 done private training. 

model 2 starting alignment with public logits... 
model 2 done alignment
model 2 starting training with private data... 
model 2 done private training. 

model 3 starting alignment with public logits... 
model 3 done alignment
model 3 starting training with private data... 
model 3 done private training. 

model 4 starting alignment with public logits... 
model 4 done alignment
model 4 starting training with private data... 
model 4 done private training. 

model 5 starting alignment with public logits... 
model 5 done alignment
model 5 starting training with private data... 
model 5 done private training. 

model 6 starting alignment with public logits... 
model 6 done alignment
model 6 starting training with private data... 
model 6 done private training. 

model 7 starting alignment with public logits... 
model 7 done alignment
model 7 starting training with private data... 
model 7 done private training. 

model 8 starting alignment with public logits... 
model 8 done alignment
model 8 starting training with private data... 
model 8 done private training. 

model 9 starting alignment with public logits... 
model 9 done alignment
model 9 starting training with private data... 
model 9 done private training. 

model 10 starting alignment with public logits... 
model 10 done alignment
model 10 starting training with private data... 
model 10 done private training. 

model 11 starting alignment with public logits... 
model 11 done alignment
model 11 starting training with private data... 
model 11 done private training. 

model 12 starting alignment with public logits... 
model 12 done alignment
model 12 starting training with private data... 
model 12 done private training. 

model 13 starting alignment with public logits... 
model 13 done alignment
model 13 starting training with private data... 
model 13 done private training. 

model 14 starting alignment with public logits... 
model 14 done alignment
model 14 starting training with private data... 
model 14 done private training. 

model 15 starting alignment with public logits... 
model 15 done alignment
model 15 starting training with private data... 
model 15 done private training. 

model 16 starting alignment with public logits... 
model 16 done alignment
model 16 starting training with private data... 
model 16 done private training. 

model 17 starting alignment with public logits... 
model 17 done alignment
model 17 starting training with private data... 
model 17 done private training. 

model 18 starting alignment with public logits... 
model 18 done alignment
model 18 starting training with private data... 
model 18 done private training. 

model 19 starting alignment with public logits... 
model 19 done alignment
model 19 starting training with private data... 
model 19 done private training. 

round  2
update logits ... 
test performance ... 
model 0 use labels test: [19 12 11 ... 18 11 15]
0.571785143769968
model 1 use labels test: [19 12 11 ... 18 11 15]
0.514576677316294
model 2 use labels test: [19 12 11 ... 18 11 15]
0.27945287539936103
model 3 use labels test: [19 12 11 ... 18 11 15]
0.43809904153354634
model 4 use labels test: [19 12 11 ... 18 11 15]
0.5227635782747604
model 5 use labels test: [19 12 11 ... 18 11 15]
0.4820287539936102
model 6 use labels test: [19 12 11 ... 18 11 15]
0.4030551118210863
model 7 use labels test: [19 12 11 ... 18 11 15]
0.3745007987220447
model 8 use labels test: [19 12 11 ... 18 11 15]
0.503694089456869
model 9 use labels test: [19 12 11 ... 18 11 15]
0.4343051118210863
model 10 use labels test: [19 12 11 ... 18 11 15]
0.31279952076677314
model 11 use labels test: [19 12 11 ... 18 11 15]
0.4414936102236422
model 12 use labels test: [19 12 11 ... 18 11 15]
0.4886182108626198
model 13 use labels test: [19 12 11 ... 18 11 15]
0.41972843450479236
model 14 use labels test: [19 12 11 ... 18 11 15]
0.28394568690095845
model 15 use labels test: [19 12 11 ... 18 11 15]
0.4022563897763578
model 16 use labels test: [19 12 11 ... 18 11 15]
0.46605431309904155
model 17 use labels test: [19 12 11 ... 18 11 15]
0.5389376996805112
model 18 use labels test: [19 12 11 ... 18 11 15]
0.3114017571884984
model 19 use labels test: [19 12 11 ... 18 11 15]
0.4237220447284345
updates models ...
model 0 starting alignment with public logits... 
model 0 done alignment
model 0 starting training with private data... 
model 0 done private training. 

model 1 starting alignment with public logits... 
model 1 done alignment
model 1 starting training with private data... 
model 1 done private training. 

model 2 starting alignment with public logits... 
model 2 done alignment
model 2 starting training with private data... 
model 2 done private training. 

model 3 starting alignment with public logits... 
model 3 done alignment
model 3 starting training with private data... 
model 3 done private training. 

model 4 starting alignment with public logits... 
model 4 done alignment
model 4 starting training with private data... 
model 4 done private training. 

model 5 starting alignment with public logits... 
model 5 done alignment
model 5 starting training with private data... 
model 5 done private training. 

model 6 starting alignment with public logits... 
model 6 done alignment
model 6 starting training with private data... 
model 6 done private training. 

model 7 starting alignment with public logits... 
model 7 done alignment
model 7 starting training with private data... 
model 7 done private training. 

model 8 starting alignment with public logits... 
model 8 done alignment
model 8 starting training with private data... 
model 8 done private training. 

model 9 starting alignment with public logits... 
model 9 done alignment
model 9 starting training with private data... 
model 9 done private training. 

model 10 starting alignment with public logits... 
model 10 done alignment
model 10 starting training with private data... 
model 10 done private training. 

model 11 starting alignment with public logits... 
model 11 done alignment
model 11 starting training with private data... 
model 11 done private training. 

model 12 starting alignment with public logits... 
model 12 done alignment
model 12 starting training with private data... 
model 12 done private training. 

model 13 starting alignment with public logits... 
model 13 done alignment
model 13 starting training with private data... 
model 13 done private training. 

model 14 starting alignment with public logits... 
model 14 done alignment
model 14 starting training with private data... 
model 14 done private training. 

model 15 starting alignment with public logits... 
model 15 done alignment
model 15 starting training with private data... 
model 15 done private training. 

model 16 starting alignment with public logits... 
model 16 done alignment
model 16 starting training with private data... 
model 16 done private training. 

model 17 starting alignment with public logits... 
model 17 done alignment
model 17 starting training with private data... 
model 17 done private training. 

model 18 starting alignment with public logits... 
model 18 done alignment
model 18 starting training with private data... 
model 18 done private training. 

model 19 starting alignment with public logits... 
model 19 done alignment
model 19 starting training with private data... 
model 19 done private training. 

round  3
update logits ... 
test performance ... 
model 0 use labels test: [19 12 11 ... 18 11 15]
0.5734824281150159
model 1 use labels test: [19 12 11 ... 18 11 15]
0.4825279552715655
model 2 use labels test: [19 12 11 ... 18 11 15]
0.3470447284345048
model 3 use labels test: [19 12 11 ... 18 11 15]
0.5336461661341853
model 4 use labels test: [19 12 11 ... 18 11 15]
0.5259584664536742
model 5 use labels test: [19 12 11 ... 18 11 15]
0.4371006389776358
model 6 use labels test: [19 12 11 ... 18 11 15]
0.35303514376996803
model 7 use labels test: [19 12 11 ... 18 11 15]
0.4556709265175719
model 8 use labels test: [19 12 11 ... 18 11 15]
0.5846645367412141
model 9 use labels test: [19 12 11 ... 18 11 15]
0.4891174121405751
model 10 use labels test: [19 12 11 ... 18 11 15]
0.3334664536741214
model 11 use labels test: [19 12 11 ... 18 11 15]
0.5461261980830671
model 12 use labels test: [19 12 11 ... 18 11 15]
0.4776357827476038
model 13 use labels test: [19 12 11 ... 18 11 15]
0.5718849840255591
model 14 use labels test: [19 12 11 ... 18 11 15]
0.44588658146964855
model 15 use labels test: [19 12 11 ... 18 11 15]
0.49730431309904155
model 16 use labels test: [19 12 11 ... 18 11 15]
0.4867212460063898
model 17 use labels test: [19 12 11 ... 18 11 15]
0.5246605431309904
model 18 use labels test: [19 12 11 ... 18 11 15]
0.3791932907348243
model 19 use labels test: [19 12 11 ... 18 11 15]
0.476038338658147
updates models ...
model 0 starting alignment with public logits... 
model 0 done alignment
model 0 starting training with private data... 
model 0 done private training. 

model 1 starting alignment with public logits... 
model 1 done alignment
model 1 starting training with private data... 
model 1 done private training. 

model 2 starting alignment with public logits... 
model 2 done alignment
model 2 starting training with private data... 
model 2 done private training. 

model 3 starting alignment with public logits... 
model 3 done alignment
model 3 starting training with private data... 
model 3 done private training. 

model 4 starting alignment with public logits... 
model 4 done alignment
model 4 starting training with private data... 
model 4 done private training. 

model 5 starting alignment with public logits... 
model 5 done alignment
model 5 starting training with private data... 
model 5 done private training. 

model 6 starting alignment with public logits... 
model 6 done alignment
model 6 starting training with private data... 
model 6 done private training. 

model 7 starting alignment with public logits... 
model 7 done alignment
model 7 starting training with private data... 
model 7 done private training. 

model 8 starting alignment with public logits... 
model 8 done alignment
model 8 starting training with private data... 
model 8 done private training. 

model 9 starting alignment with public logits... 
model 9 done alignment
model 9 starting training with private data... 
model 9 done private training. 

model 10 starting alignment with public logits... 
model 10 done alignment
model 10 starting training with private data... 
model 10 done private training. 

model 11 starting alignment with public logits... 
model 11 done alignment
model 11 starting training with private data... 
model 11 done private training. 

model 12 starting alignment with public logits... 
model 12 done alignment
model 12 starting training with private data... 
model 12 done private training. 

model 13 starting alignment with public logits... 
model 13 done alignment
model 13 starting training with private data... 
model 13 done private training. 

model 14 starting alignment with public logits... 
model 14 done alignment
model 14 starting training with private data... 
model 14 done private training. 

model 15 starting alignment with public logits... 
model 15 done alignment
model 15 starting training with private data... 
model 15 done private training. 

model 16 starting alignment with public logits... 
model 16 done alignment
model 16 starting training with private data... 
model 16 done private training. 

model 17 starting alignment with public logits... 
model 17 done alignment
model 17 starting training with private data... 
model 17 done private training. 

model 18 starting alignment with public logits... 
model 18 done alignment
model 18 starting training with private data... 
model 18 done private training. 

model 19 starting alignment with public logits... 
model 19 done alignment
model 19 starting training with private data... 
model 19 done private training. 

round  4
update logits ... 
test performance ... 
model 0 use labels test: [19 12 11 ... 18 11 15]
0.5990415335463258
model 1 use labels test: [19 12 11 ... 18 11 15]
0.5234624600638977
model 2 use labels test: [19 12 11 ... 18 11 15]
0.36351837060702874
model 3 use labels test: [19 12 11 ... 18 11 15]
0.5278554313099042
model 4 use labels test: [19 12 11 ... 18 11 15]
0.5350439297124601
model 5 use labels test: [19 12 11 ... 18 11 15]
0.4719448881789137
model 6 use labels test: [19 12 11 ... 18 11 15]
0.38168929712460065
model 7 use labels test: [19 12 11 ... 18 11 15]
0.4589656549520767
model 8 use labels test: [19 12 11 ... 18 11 15]
0.5324480830670927
model 9 use labels test: [19 12 11 ... 18 11 15]
0.48043130990415334
model 10 use labels test: [19 12 11 ... 18 11 15]
0.3832867412140575
model 11 use labels test: [19 12 11 ... 18 11 15]
0.48682108626198084
model 12 use labels test: [19 12 11 ... 18 11 15]
0.5189696485623003
model 13 use labels test: [19 12 11 ... 18 11 15]
0.5417332268370607
model 14 use labels test: [19 12 11 ... 18 11 15]
0.4394968051118211
model 15 use labels test: [19 12 11 ... 18 11 15]
0.47863418530351437
model 16 use labels test: [19 12 11 ... 18 11 15]
0.45706869009584666
model 17 use labels test: [19 12 11 ... 18 11 15]
0.5577076677316294
model 18 use labels test: [19 12 11 ... 18 11 15]
0.3625199680511182
model 19 use labels test: [19 12 11 ... 18 11 15]
0.518370607028754
updates models ...
model 0 starting alignment with public logits... 
model 0 done alignment
model 0 starting training with private data... 
model 0 done private training. 

model 1 starting alignment with public logits... 
model 1 done alignment
model 1 starting training with private data... 
model 1 done private training. 

model 2 starting alignment with public logits... 
model 2 done alignment
model 2 starting training with private data... 
model 2 done private training. 

model 3 starting alignment with public logits... 
model 3 done alignment
model 3 starting training with private data... 
model 3 done private training. 

model 4 starting alignment with public logits... 
model 4 done alignment
model 4 starting training with private data... 
model 4 done private training. 

model 5 starting alignment with public logits... 
model 5 done alignment
model 5 starting training with private data... 
model 5 done private training. 

model 6 starting alignment with public logits... 
model 6 done alignment
model 6 starting training with private data... 
model 6 done private training. 

model 7 starting alignment with public logits... 
model 7 done alignment
model 7 starting training with private data... 
model 7 done private training. 

model 8 starting alignment with public logits... 
model 8 done alignment
model 8 starting training with private data... 
model 8 done private training. 

model 9 starting alignment with public logits... 
model 9 done alignment
model 9 starting training with private data... 
model 9 done private training. 

model 10 starting alignment with public logits... 
model 10 done alignment
model 10 starting training with private data... 
model 10 done private training. 

model 11 starting alignment with public logits... 
model 11 done alignment
model 11 starting training with private data... 
model 11 done private training. 

model 12 starting alignment with public logits... 
model 12 done alignment
model 12 starting training with private data... 
model 12 done private training. 

model 13 starting alignment with public logits... 
model 13 done alignment
model 13 starting training with private data... 
model 13 done private training. 

model 14 starting alignment with public logits... 
model 14 done alignment
model 14 starting training with private data... 
model 14 done private training. 

model 15 starting alignment with public logits... 
model 15 done alignment
model 15 starting training with private data... 
model 15 done private training. 

model 16 starting alignment with public logits... 
model 16 done alignment
model 16 starting training with private data... 
model 16 done private training. 

model 17 starting alignment with public logits... 
model 17 done alignment
model 17 starting training with private data... 
model 17 done private training. 

model 18 starting alignment with public logits... 
model 18 done alignment
model 18 starting training with private data... 
model 18 done private training. 

model 19 starting alignment with public logits... 
model 19 done alignment
model 19 starting training with private data... 
model 19 done private training. 

round  5
update logits ... 
test performance ... 
model 0 use labels test: [19 12 11 ... 18 11 15]
0.5914536741214057
model 1 use labels test: [19 12 11 ... 18 11 15]
0.41823083067092653
model 2 use labels test: [19 12 11 ... 18 11 15]
0.36900958466453676
model 3 use labels test: [19 12 11 ... 18 11 15]
0.4904153354632588
model 4 use labels test: [19 12 11 ... 18 11 15]
0.5850638977635783
model 5 use labels test: [19 12 11 ... 18 11 15]
0.492711661341853
model 6 use labels test: [19 12 11 ... 18 11 15]
0.42601837060702874
model 7 use labels test: [19 12 11 ... 18 11 15]
0.4549720447284345
model 8 use labels test: [19 12 11 ... 18 11 15]
0.5408346645367412
model 9 use labels test: [19 12 11 ... 18 11 15]
0.5046924920127795
model 10 use labels test: [19 12 11 ... 18 11 15]
0.4895167731629393
model 11 use labels test: [19 12 11 ... 18 11 15]
0.5086861022364217
model 12 use labels test: [19 12 11 ... 18 11 15]
0.49940095846645366
model 13 use labels test: [19 12 11 ... 18 11 15]
0.5116813099041534
model 14 use labels test: [19 12 11 ... 18 11 15]
0.428314696485623
model 15 use labels test: [19 12 11 ... 18 11 15]
0.42911341853035145
model 16 use labels test: [19 12 11 ... 18 11 15]
0.6036341853035144
model 17 use labels test: [19 12 11 ... 18 11 15]
0.575279552715655
model 18 use labels test: [19 12 11 ... 18 11 15]
0.4193290734824281
model 19 use labels test: [19 12 11 ... 18 11 15]
0.4729432907348243
updates models ...
model 0 starting alignment with public logits... 
model 0 done alignment
model 0 starting training with private data... 
model 0 done private training. 

model 1 starting alignment with public logits... 
model 1 done alignment
model 1 starting training with private data... 
model 1 done private training. 

model 2 starting alignment with public logits... 
model 2 done alignment
model 2 starting training with private data... 
model 2 done private training. 

model 3 starting alignment with public logits... 
model 3 done alignment
model 3 starting training with private data... 
model 3 done private training. 

model 4 starting alignment with public logits... 
model 4 done alignment
model 4 starting training with private data... 
model 4 done private training. 

model 5 starting alignment with public logits... 
model 5 done alignment
model 5 starting training with private data... 
model 5 done private training. 

model 6 starting alignment with public logits... 
model 6 done alignment
model 6 starting training with private data... 
model 6 done private training. 

model 7 starting alignment with public logits... 
model 7 done alignment
model 7 starting training with private data... 
model 7 done private training. 

model 8 starting alignment with public logits... 
model 8 done alignment
model 8 starting training with private data... 
model 8 done private training. 

model 9 starting alignment with public logits... 
model 9 done alignment
model 9 starting training with private data... 
model 9 done private training. 

model 10 starting alignment with public logits... 
model 10 done alignment
model 10 starting training with private data... 
model 10 done private training. 

model 11 starting alignment with public logits... 
model 11 done alignment
model 11 starting training with private data... 
model 11 done private training. 

model 12 starting alignment with public logits... 
model 12 done alignment
model 12 starting training with private data... 
model 12 done private training. 

model 13 starting alignment with public logits... 
model 13 done alignment
model 13 starting training with private data... 
model 13 done private training. 

model 14 starting alignment with public logits... 
model 14 done alignment
model 14 starting training with private data... 
model 14 done private training. 

model 15 starting alignment with public logits... 
model 15 done alignment
model 15 starting training with private data... 
model 15 done private training. 

model 16 starting alignment with public logits... 
model 16 done alignment
model 16 starting training with private data... 
model 16 done private training. 

model 17 starting alignment with public logits... 
model 17 done alignment
model 17 starting training with private data... 
model 17 done private training. 

model 18 starting alignment with public logits... 
model 18 done alignment
model 18 starting training with private data... 
model 18 done private training. 

model 19 starting alignment with public logits... 
model 19 done alignment
model 19 starting training with private data... 
model 19 done private training. 

round  6
update logits ... 
test performance ... 
model 0 use labels test: [19 12 11 ... 18 11 15]
0.5640974440894568
model 1 use labels test: [19 12 11 ... 18 11 15]
0.5245607028753994
model 2 use labels test: [19 12 11 ... 18 11 15]
0.38079073482428116
model 3 use labels test: [19 12 11 ... 18 11 15]
0.5075878594249201
model 4 use labels test: [19 12 11 ... 18 11 15]
0.4801317891373802
model 5 use labels test: [19 12 11 ... 18 11 15]
0.4663538338658147
model 6 use labels test: [19 12 11 ... 18 11 15]
0.40595047923322686
model 7 use labels test: [19 12 11 ... 18 11 15]
0.4736421725239617
model 8 use labels test: [19 12 11 ... 18 11 15]
0.5352436102236422
model 9 use labels test: [19 12 11 ... 18 11 15]
0.5002995207667732
model 10 use labels test: [19 12 11 ... 18 11 15]
0.452176517571885
model 11 use labels test: [19 12 11 ... 18 11 15]
0.5240615015974441
model 12 use labels test: [19 12 11 ... 18 11 15]
0.5002995207667732
model 13 use labels test: [19 12 11 ... 18 11 15]
0.5747803514376997
model 14 use labels test: [19 12 11 ... 18 11 15]
0.4500798722044728
model 15 use labels test: [19 12 11 ... 18 11 15]
0.4250199680511182
model 16 use labels test: [19 12 11 ... 18 11 15]
0.5678913738019169
model 17 use labels test: [19 12 11 ... 18 11 15]
0.5241613418530351
model 18 use labels test: [19 12 11 ... 18 11 15]
0.44698482428115016
model 19 use labels test: [19 12 11 ... 18 11 15]
0.4893170926517572
updates models ...
model 0 starting alignment with public logits... 
model 0 done alignment
model 0 starting training with private data... 
model 0 done private training. 

model 1 starting alignment with public logits... 
model 1 done alignment
model 1 starting training with private data... 
model 1 done private training. 

model 2 starting alignment with public logits... 
model 2 done alignment
model 2 starting training with private data... 
model 2 done private training. 

model 3 starting alignment with public logits... 
model 3 done alignment
model 3 starting training with private data... 
model 3 done private training. 

model 4 starting alignment with public logits... 
model 4 done alignment
model 4 starting training with private data... 
model 4 done private training. 

model 5 starting alignment with public logits... 
model 5 done alignment
model 5 starting training with private data... 
model 5 done private training. 

model 6 starting alignment with public logits... 
model 6 done alignment
model 6 starting training with private data... 
model 6 done private training. 

model 7 starting alignment with public logits... 
model 7 done alignment
model 7 starting training with private data... 
model 7 done private training. 

model 8 starting alignment with public logits... 
model 8 done alignment
model 8 starting training with private data... 
model 8 done private training. 

model 9 starting alignment with public logits... 
model 9 done alignment
model 9 starting training with private data... 
model 9 done private training. 

model 10 starting alignment with public logits... 
model 10 done alignment
model 10 starting training with private data... 
model 10 done private training. 

model 11 starting alignment with public logits... 
model 11 done alignment
model 11 starting training with private data... 
model 11 done private training. 

model 12 starting alignment with public logits... 
model 12 done alignment
model 12 starting training with private data... 
model 12 done private training. 

model 13 starting alignment with public logits... 
model 13 done alignment
model 13 starting training with private data... 
model 13 done private training. 

model 14 starting alignment with public logits... 
model 14 done alignment
model 14 starting training with private data... 
model 14 done private training. 

model 15 starting alignment with public logits... 
model 15 done alignment
model 15 starting training with private data... 
model 15 done private training. 

model 16 starting alignment with public logits... 
model 16 done alignment
model 16 starting training with private data... 
model 16 done private training. 

model 17 starting alignment with public logits... 
model 17 done alignment
model 17 starting training with private data... 
model 17 done private training. 

model 18 starting alignment with public logits... 
model 18 done alignment
model 18 starting training with private data... 
model 18 done private training. 

model 19 starting alignment with public logits... 
model 19 done alignment
model 19 starting training with private data... 
model 19 done private training. 

round  7
update logits ... 
test performance ... 
model 0 use labels test: [19 12 11 ... 18 11 15]
0.544229233226837
model 1 use labels test: [19 12 11 ... 18 11 15]
0.48592252396166136
model 2 use labels test: [19 12 11 ... 18 11 15]
0.3575279552715655
model 3 use labels test: [19 12 11 ... 18 11 15]
0.5584065495207667
model 4 use labels test: [19 12 11 ... 18 11 15]
0.5720846645367412
model 5 use labels test: [19 12 11 ... 18 11 15]
0.4790335463258786
model 6 use labels test: [19 12 11 ... 18 11 15]
0.4050519169329074
model 7 use labels test: [19 12 11 ... 18 11 15]
0.49530750798722045
model 8 use labels test: [19 12 11 ... 18 11 15]
0.5623003194888179
model 9 use labels test: [19 12 11 ... 18 11 15]
0.5685902555910544
model 10 use labels test: [19 12 11 ... 18 11 15]
0.45946485623003197
model 11 use labels test: [19 12 11 ... 18 11 15]
0.5085862619808307
model 12 use labels test: [19 12 11 ... 18 11 15]
0.5598043130990416
model 13 use labels test: [19 12 11 ... 18 11 15]
0.5817691693290735
model 14 use labels test: [19 12 11 ... 18 11 15]
0.4045527156549521
model 15 use labels test: [19 12 11 ... 18 11 15]
0.47753594249201275
model 16 use labels test: [19 12 11 ... 18 11 15]
0.5960463258785943
model 17 use labels test: [19 12 11 ... 18 11 15]
0.5126797124600639
model 18 use labels test: [19 12 11 ... 18 11 15]
0.4381988817891374
model 19 use labels test: [19 12 11 ... 18 11 15]
0.47064696485623003
updates models ...
model 0 starting alignment with public logits... 
model 0 done alignment
model 0 starting training with private data... 
model 0 done private training. 

model 1 starting alignment with public logits... 
model 1 done alignment
model 1 starting training with private data... 
model 1 done private training. 

model 2 starting alignment with public logits... 
model 2 done alignment
model 2 starting training with private data... 
model 2 done private training. 

model 3 starting alignment with public logits... 
model 3 done alignment
model 3 starting training with private data... 
model 3 done private training. 

model 4 starting alignment with public logits... 
model 4 done alignment
model 4 starting training with private data... 
model 4 done private training. 

model 5 starting alignment with public logits... 
model 5 done alignment
model 5 starting training with private data... 
model 5 done private training. 

model 6 starting alignment with public logits... 
model 6 done alignment
model 6 starting training with private data... 
model 6 done private training. 

model 7 starting alignment with public logits... 
model 7 done alignment
model 7 starting training with private data... 
model 7 done private training. 

model 8 starting alignment with public logits... 
model 8 done alignment
model 8 starting training with private data... 
model 8 done private training. 

model 9 starting alignment with public logits... 
model 9 done alignment
model 9 starting training with private data... 
model 9 done private training. 

model 10 starting alignment with public logits... 
model 10 done alignment
model 10 starting training with private data... 
model 10 done private training. 

model 11 starting alignment with public logits... 
model 11 done alignment
model 11 starting training with private data... 
model 11 done private training. 

model 12 starting alignment with public logits... 
model 12 done alignment
model 12 starting training with private data... 
model 12 done private training. 

model 13 starting alignment with public logits... 
model 13 done alignment
model 13 starting training with private data... 
model 13 done private training. 

model 14 starting alignment with public logits... 
model 14 done alignment
model 14 starting training with private data... 
model 14 done private training. 

model 15 starting alignment with public logits... 
model 15 done alignment
model 15 starting training with private data... 
model 15 done private training. 

model 16 starting alignment with public logits... 
model 16 done alignment
model 16 starting training with private data... 
model 16 done private training. 

model 17 starting alignment with public logits... 
model 17 done alignment
model 17 starting training with private data... 
model 17 done private training. 

model 18 starting alignment with public logits... 
model 18 done alignment
model 18 starting training with private data... 
model 18 done private training. 

model 19 starting alignment with public logits... 
model 19 done alignment
model 19 starting training with private data... 
model 19 done private training. 

round  8
update logits ... 
test performance ... 
model 0 use labels test: [19 12 11 ... 18 11 15]
0.5639976038338658
model 1 use labels test: [19 12 11 ... 18 11 15]
0.4581669329073482
model 2 use labels test: [19 12 11 ... 18 11 15]
0.38708067092651754
model 3 use labels test: [19 12 11 ... 18 11 15]
0.4647563897763578
model 4 use labels test: [19 12 11 ... 18 11 15]
0.48522364217252395
model 5 use labels test: [19 12 11 ... 18 11 15]
0.4875199680511182
model 6 use labels test: [19 12 11 ... 18 11 15]
0.38368610223642174
model 7 use labels test: [19 12 11 ... 18 11 15]
0.49530750798722045
model 8 use labels test: [19 12 11 ... 18 11 15]
0.5734824281150159
model 9 use labels test: [19 12 11 ... 18 11 15]
0.483426517571885
model 10 use labels test: [19 12 11 ... 18 11 15]
0.4537739616613419
model 11 use labels test: [19 12 11 ... 18 11 15]
0.6001397763578274
model 12 use labels test: [19 12 11 ... 18 11 15]
0.5566094249201278
model 13 use labels test: [19 12 11 ... 18 11 15]
0.5738817891373802
model 14 use labels test: [19 12 11 ... 18 11 15]
0.4532747603833866
model 15 use labels test: [19 12 11 ... 18 11 15]
0.46575479233226835
model 16 use labels test: [19 12 11 ... 18 11 15]
0.5854632587859425
model 17 use labels test: [19 12 11 ... 18 11 15]
0.47713658146964855
model 18 use labels test: [19 12 11 ... 18 11 15]
0.43081070287539935
model 19 use labels test: [19 12 11 ... 18 11 15]
0.4537739616613419
updates models ...
model 0 starting alignment with public logits... 
model 0 done alignment
model 0 starting training with private data... 
model 0 done private training. 

model 1 starting alignment with public logits... 
model 1 done alignment
model 1 starting training with private data... 
model 1 done private training. 

model 2 starting alignment with public logits... 
model 2 done alignment
model 2 starting training with private data... 
model 2 done private training. 

model 3 starting alignment with public logits... 
model 3 done alignment
model 3 starting training with private data... 
model 3 done private training. 

model 4 starting alignment with public logits... 
model 4 done alignment
model 4 starting training with private data... 
model 4 done private training. 

model 5 starting alignment with public logits... 
model 5 done alignment
model 5 starting training with private data... 
model 5 done private training. 

model 6 starting alignment with public logits... 
model 6 done alignment
model 6 starting training with private data... 
model 6 done private training. 

model 7 starting alignment with public logits... 
model 7 done alignment
model 7 starting training with private data... 
model 7 done private training. 

model 8 starting alignment with public logits... 
model 8 done alignment
model 8 starting training with private data... 
model 8 done private training. 

model 9 starting alignment with public logits... 
model 9 done alignment
model 9 starting training with private data... 
model 9 done private training. 

model 10 starting alignment with public logits... 
model 10 done alignment
model 10 starting training with private data... 
model 10 done private training. 

model 11 starting alignment with public logits... 
model 11 done alignment
model 11 starting training with private data... 
model 11 done private training. 

model 12 starting alignment with public logits... 
model 12 done alignment
model 12 starting training with private data... 
model 12 done private training. 

model 13 starting alignment with public logits... 
model 13 done alignment
model 13 starting training with private data... 
model 13 done private training. 

model 14 starting alignment with public logits... 
model 14 done alignment
model 14 starting training with private data... 
model 14 done private training. 

model 15 starting alignment with public logits... 
model 15 done alignment
model 15 starting training with private data... 
model 15 done private training. 

model 16 starting alignment with public logits... 
model 16 done alignment
model 16 starting training with private data... 
model 16 done private training. 

model 17 starting alignment with public logits... 
model 17 done alignment
model 17 starting training with private data... 
model 17 done private training. 

model 18 starting alignment with public logits... 
model 18 done alignment
model 18 starting training with private data... 
model 18 done private training. 

model 19 starting alignment with public logits... 
model 19 done alignment
model 19 starting training with private data... 
model 19 done private training. 

round  9
update logits ... 
test performance ... 
model 0 use labels test: [19 12 11 ... 18 11 15]
0.5720846645367412
model 1 use labels test: [19 12 11 ... 18 11 15]
0.4928115015974441
model 2 use labels test: [19 12 11 ... 18 11 15]
0.35822683706070285
model 3 use labels test: [19 12 11 ... 18 11 15]
0.4641573482428115
model 4 use labels test: [19 12 11 ... 18 11 15]
0.4753394568690096
model 5 use labels test: [19 12 11 ... 18 11 15]
0.4529752396166134
model 6 use labels test: [19 12 11 ... 18 11 15]
0.476138178913738
model 7 use labels test: [19 12 11 ... 18 11 15]
0.4368011182108626
model 8 use labels test: [19 12 11 ... 18 11 15]
0.5804712460063898
model 9 use labels test: [19 12 11 ... 18 11 15]
0.5046924920127795
model 10 use labels test: [19 12 11 ... 18 11 15]
0.41623402555910544
model 11 use labels test: [19 12 11 ... 18 11 15]
0.5781749201277955
model 12 use labels test: [19 12 11 ... 18 11 15]
0.4851238019169329
model 13 use labels test: [19 12 11 ... 18 11 15]
0.5952476038338658
model 14 use labels test: [19 12 11 ... 18 11 15]
0.46515575079872207
model 15 use labels test: [19 12 11 ... 18 11 15]
0.5156749201277955
model 16 use labels test: [19 12 11 ... 18 11 15]
0.6069289137380192
model 17 use labels test: [19 12 11 ... 18 11 15]
0.5348442492012779
model 18 use labels test: [19 12 11 ... 18 11 15]
0.4353035143769968
model 19 use labels test: [19 12 11 ... 18 11 15]
0.5027955271565495
updates models ...
model 0 starting alignment with public logits... 
model 0 done alignment
model 0 starting training with private data... 
model 0 done private training. 

model 1 starting alignment with public logits... 
model 1 done alignment
model 1 starting training with private data... 
model 1 done private training. 

model 2 starting alignment with public logits... 
model 2 done alignment
model 2 starting training with private data... 
model 2 done private training. 

model 3 starting alignment with public logits... 
model 3 done alignment
model 3 starting training with private data... 
model 3 done private training. 

model 4 starting alignment with public logits... 
model 4 done alignment
model 4 starting training with private data... 
model 4 done private training. 

model 5 starting alignment with public logits... 
model 5 done alignment
model 5 starting training with private data... 
model 5 done private training. 

model 6 starting alignment with public logits... 
model 6 done alignment
model 6 starting training with private data... 
model 6 done private training. 

model 7 starting alignment with public logits... 
model 7 done alignment
model 7 starting training with private data... 
model 7 done private training. 

model 8 starting alignment with public logits... 
model 8 done alignment
model 8 starting training with private data... 
model 8 done private training. 

model 9 starting alignment with public logits... 
model 9 done alignment
model 9 starting training with private data... 
model 9 done private training. 

model 10 starting alignment with public logits... 
model 10 done alignment
model 10 starting training with private data... 
model 10 done private training. 

model 11 starting alignment with public logits... 
model 11 done alignment
model 11 starting training with private data... 
model 11 done private training. 

model 12 starting alignment with public logits... 
model 12 done alignment
model 12 starting training with private data... 
model 12 done private training. 

model 13 starting alignment with public logits... 
model 13 done alignment
model 13 starting training with private data... 
model 13 done private training. 

model 14 starting alignment with public logits... 
model 14 done alignment
model 14 starting training with private data... 
model 14 done private training. 

model 15 starting alignment with public logits... 
model 15 done alignment
model 15 starting training with private data... 
model 15 done private training. 

model 16 starting alignment with public logits... 
model 16 done alignment
model 16 starting training with private data... 
model 16 done private training. 

model 17 starting alignment with public logits... 
model 17 done alignment
model 17 starting training with private data... 
model 17 done private training. 

model 18 starting alignment with public logits... 
model 18 done alignment
model 18 starting training with private data... 
model 18 done private training. 

model 19 starting alignment with public logits... 
model 19 done alignment
model 19 starting training with private data... 
model 19 done private training. 

round  10
update logits ... 
test performance ... 
model 0 use labels test: [19 12 11 ... 18 11 15]
0.5667931309904153
model 1 use labels test: [19 12 11 ... 18 11 15]
0.42102635782747605
model 2 use labels test: [19 12 11 ... 18 11 15]
0.4422923322683706
model 3 use labels test: [19 12 11 ... 18 11 15]
0.5799720447284346
model 4 use labels test: [19 12 11 ... 18 11 15]
0.47264376996805113
model 5 use labels test: [19 12 11 ... 18 11 15]
0.5133785942492013
model 6 use labels test: [19 12 11 ... 18 11 15]
0.4311102236421725
model 7 use labels test: [19 12 11 ... 18 11 15]
0.5052915335463258
model 8 use labels test: [19 12 11 ... 18 11 15]
0.5429313099041534
model 9 use labels test: [19 12 11 ... 18 11 15]
0.5031948881789138
model 10 use labels test: [19 12 11 ... 18 11 15]
0.4342052715654952
model 11 use labels test: [19 12 11 ... 18 11 15]
0.5329472843450479
model 12 use labels test: [19 12 11 ... 18 11 15]
0.5136781150159745
model 13 use labels test: [19 12 11 ... 18 11 15]
0.5664936102236422
model 14 use labels test: [19 12 11 ... 18 11 15]
0.4547723642172524
model 15 use labels test: [19 12 11 ... 18 11 15]
0.42232428115015974
model 16 use labels test: [19 12 11 ... 18 11 15]
0.5491214057507987
model 17 use labels test: [19 12 11 ... 18 11 15]
0.5376397763578274
model 18 use labels test: [19 12 11 ... 18 11 15]
0.413538338658147
model 19 use labels test: [19 12 11 ... 18 11 15]
0.47743610223642174
updates models ...
model 0 starting alignment with public logits... 
model 0 done alignment
model 0 starting training with private data... 
model 0 done private training. 

model 1 starting alignment with public logits... 
model 1 done alignment
model 1 starting training with private data... 
model 1 done private training. 

model 2 starting alignment with public logits... 
model 2 done alignment
model 2 starting training with private data... 
model 2 done private training. 

model 3 starting alignment with public logits... 
model 3 done alignment
model 3 starting training with private data... 
model 3 done private training. 

model 4 starting alignment with public logits... 
model 4 done alignment
model 4 starting training with private data... 
model 4 done private training. 

model 5 starting alignment with public logits... 
model 5 done alignment
model 5 starting training with private data... 
model 5 done private training. 

model 6 starting alignment with public logits... 
model 6 done alignment
model 6 starting training with private data... 
model 6 done private training. 

model 7 starting alignment with public logits... 
model 7 done alignment
model 7 starting training with private data... 
model 7 done private training. 

model 8 starting alignment with public logits... 
model 8 done alignment
model 8 starting training with private data... 
model 8 done private training. 

model 9 starting alignment with public logits... 
model 9 done alignment
model 9 starting training with private data... 
model 9 done private training. 

model 10 starting alignment with public logits... 
model 10 done alignment
model 10 starting training with private data... 
model 10 done private training. 

model 11 starting alignment with public logits... 
model 11 done alignment
model 11 starting training with private data... 
model 11 done private training. 

model 12 starting alignment with public logits... 
model 12 done alignment
model 12 starting training with private data... 
model 12 done private training. 

model 13 starting alignment with public logits... 
model 13 done alignment
model 13 starting training with private data... 
model 13 done private training. 

model 14 starting alignment with public logits... 
model 14 done alignment
model 14 starting training with private data... 
model 14 done private training. 

model 15 starting alignment with public logits... 
model 15 done alignment
model 15 starting training with private data... 
model 15 done private training. 

model 16 starting alignment with public logits... 
model 16 done alignment
model 16 starting training with private data... 
model 16 done private training. 

model 17 starting alignment with public logits... 
model 17 done alignment
model 17 starting training with private data... 
model 17 done private training. 

model 18 starting alignment with public logits... 
model 18 done alignment
model 18 starting training with private data... 
model 18 done private training. 

model 19 starting alignment with public logits... 
model 19 done alignment
model 19 starting training with private data... 
model 19 done private training. 

round  11
update logits ... 
test performance ... 
model 0 use labels test: [19 12 11 ... 18 11 15]
0.5773761980830671
model 1 use labels test: [19 12 11 ... 18 11 15]
0.49660543130990414
model 2 use labels test: [19 12 11 ... 18 11 15]
0.36092252396166136
model 3 use labels test: [19 12 11 ... 18 11 15]
0.5549121405750799
model 4 use labels test: [19 12 11 ... 18 11 15]
0.5149760383386581
model 5 use labels test: [19 12 11 ... 18 11 15]
0.46076277955271566
model 6 use labels test: [19 12 11 ... 18 11 15]
0.3762979233226837
model 7 use labels test: [19 12 11 ... 18 11 15]
0.4728434504792332
model 8 use labels test: [19 12 11 ... 18 11 15]
0.5620007987220448
model 9 use labels test: [19 12 11 ... 18 11 15]
0.5033945686900958
model 10 use labels test: [19 12 11 ... 18 11 15]
0.3766972843450479
model 11 use labels test: [19 12 11 ... 18 11 15]
0.5045926517571885
model 12 use labels test: [19 12 11 ... 18 11 15]
0.5652955271565495
model 13 use labels test: [19 12 11 ... 18 11 15]
0.6136182108626198
model 14 use labels test: [19 12 11 ... 18 11 15]
0.46315894568690097
model 15 use labels test: [19 12 11 ... 18 11 15]
0.5027955271565495
model 16 use labels test: [19 12 11 ... 18 11 15]
0.5610023961661342
model 17 use labels test: [19 12 11 ... 18 11 15]
0.5151757188498403
model 18 use labels test: [19 12 11 ... 18 11 15]
0.3912739616613419
model 19 use labels test: [19 12 11 ... 18 11 15]
0.49211261980830673
updates models ...
model 0 starting alignment with public logits... 
model 0 done alignment
model 0 starting training with private data... 
model 0 done private training. 

model 1 starting alignment with public logits... 
model 1 done alignment
model 1 starting training with private data... 
model 1 done private training. 

model 2 starting alignment with public logits... 
model 2 done alignment
model 2 starting training with private data... 
model 2 done private training. 

model 3 starting alignment with public logits... 
model 3 done alignment
model 3 starting training with private data... 
model 3 done private training. 

model 4 starting alignment with public logits... 
model 4 done alignment
model 4 starting training with private data... 
model 4 done private training. 

model 5 starting alignment with public logits... 
model 5 done alignment
model 5 starting training with private data... 
model 5 done private training. 

model 6 starting alignment with public logits... 
model 6 done alignment
model 6 starting training with private data... 
model 6 done private training. 

model 7 starting alignment with public logits... 
model 7 done alignment
model 7 starting training with private data... 
model 7 done private training. 

model 8 starting alignment with public logits... 
model 8 done alignment
model 8 starting training with private data... 
model 8 done private training. 

model 9 starting alignment with public logits... 
model 9 done alignment
model 9 starting training with private data... 
model 9 done private training. 

model 10 starting alignment with public logits... 
model 10 done alignment
model 10 starting training with private data... 
model 10 done private training. 

model 11 starting alignment with public logits... 
model 11 done alignment
model 11 starting training with private data... 
model 11 done private training. 

model 12 starting alignment with public logits... 
model 12 done alignment
model 12 starting training with private data... 
model 12 done private training. 

model 13 starting alignment with public logits... 
model 13 done alignment
model 13 starting training with private data... 
model 13 done private training. 

model 14 starting alignment with public logits... 
model 14 done alignment
model 14 starting training with private data... 
model 14 done private training. 

model 15 starting alignment with public logits... 
model 15 done alignment
model 15 starting training with private data... 
model 15 done private training. 

model 16 starting alignment with public logits... 
model 16 done alignment
model 16 starting training with private data... 
model 16 done private training. 

model 17 starting alignment with public logits... 
model 17 done alignment
model 17 starting training with private data... 
model 17 done private training. 

model 18 starting alignment with public logits... 
model 18 done alignment
model 18 starting training with private data... 
model 18 done private training. 

model 19 starting alignment with public logits... 
model 19 done alignment
model 19 starting training with private data... 
model 19 done private training. 

round  12
update logits ... 
test performance ... 
model 0 use labels test: [19 12 11 ... 18 11 15]
0.6039337060702875
model 1 use labels test: [19 12 11 ... 18 11 15]
0.45107827476038337
model 2 use labels test: [19 12 11 ... 18 11 15]
0.3928714057507987
model 3 use labels test: [19 12 11 ... 18 11 15]
0.5211661341853036
model 4 use labels test: [19 12 11 ... 18 11 15]
0.5244608626198083
model 5 use labels test: [19 12 11 ... 18 11 15]
0.5252595846645367
model 6 use labels test: [19 12 11 ... 18 11 15]
0.44748402555910544
model 7 use labels test: [19 12 11 ... 18 11 15]
0.4898162939297125
model 8 use labels test: [19 12 11 ... 18 11 15]
0.5224640575079872
model 9 use labels test: [19 12 11 ... 18 11 15]
0.6081269968051118
model 10 use labels test: [19 12 11 ... 18 11 15]
0.3959664536741214
model 11 use labels test: [19 12 11 ... 18 11 15]
0.5317492012779552
model 12 use labels test: [19 12 11 ... 18 11 15]
0.5517172523961661
model 13 use labels test: [19 12 11 ... 18 11 15]
0.5132787539936102
model 14 use labels test: [19 12 11 ... 18 11 15]
0.4010583067092652
model 15 use labels test: [19 12 11 ... 18 11 15]
0.5659944089456869
model 16 use labels test: [19 12 11 ... 18 11 15]
0.5814696485623003
model 17 use labels test: [19 12 11 ... 18 11 15]
0.5534145367412141
model 18 use labels test: [19 12 11 ... 18 11 15]
0.428314696485623
model 19 use labels test: [19 12 11 ... 18 11 15]
0.4427915335463259
updates models ...
model 0 starting alignment with public logits... 
model 0 done alignment
model 0 starting training with private data... 
model 0 done private training. 

model 1 starting alignment with public logits... 
model 1 done alignment
model 1 starting training with private data... 
model 1 done private training. 

model 2 starting alignment with public logits... 
model 2 done alignment
model 2 starting training with private data... 
model 2 done private training. 

model 3 starting alignment with public logits... 
model 3 done alignment
model 3 starting training with private data... 
model 3 done private training. 

model 4 starting alignment with public logits... 
model 4 done alignment
model 4 starting training with private data... 
model 4 done private training. 

model 5 starting alignment with public logits... 
model 5 done alignment
model 5 starting training with private data... 
model 5 done private training. 

model 6 starting alignment with public logits... 
model 6 done alignment
model 6 starting training with private data... 
model 6 done private training. 

model 7 starting alignment with public logits... 
model 7 done alignment
model 7 starting training with private data... 
model 7 done private training. 

model 8 starting alignment with public logits... 
model 8 done alignment
model 8 starting training with private data... 
model 8 done private training. 

model 9 starting alignment with public logits... 
model 9 done alignment
model 9 starting training with private data... 
model 9 done private training. 

model 10 starting alignment with public logits... 
model 10 done alignment
model 10 starting training with private data... 
model 10 done private training. 

model 11 starting alignment with public logits... 
model 11 done alignment
model 11 starting training with private data... 
model 11 done private training. 

model 12 starting alignment with public logits... 
model 12 done alignment
model 12 starting training with private data... 
model 12 done private training. 

model 13 starting alignment with public logits... 
model 13 done alignment
model 13 starting training with private data... 
model 13 done private training. 

model 14 starting alignment with public logits... 
model 14 done alignment
model 14 starting training with private data... 
model 14 done private training. 

model 15 starting alignment with public logits... 
model 15 done alignment
model 15 starting training with private data... 
model 15 done private training. 

model 16 starting alignment with public logits... 
model 16 done alignment
model 16 starting training with private data... 
model 16 done private training. 

model 17 starting alignment with public logits... 
model 17 done alignment
model 17 starting training with private data... 
model 17 done private training. 

model 18 starting alignment with public logits... 
model 18 done alignment
model 18 starting training with private data... 
model 18 done private training. 

model 19 starting alignment with public logits... 
model 19 done alignment
model 19 starting training with private data... 
model 19 done private training. 

round  13
update logits ... 
test performance ... 
model 0 use labels test: [19 12 11 ... 18 11 15]
0.6073282747603834
model 1 use labels test: [19 12 11 ... 18 11 15]
0.41293929712460065
model 2 use labels test: [19 12 11 ... 18 11 15]
0.41373801916932906
model 3 use labels test: [19 12 11 ... 18 11 15]
0.5265575079872205
model 4 use labels test: [19 12 11 ... 18 11 15]
0.5825678913738019
model 5 use labels test: [19 12 11 ... 18 11 15]
0.4654552715654952
model 6 use labels test: [19 12 11 ... 18 11 15]
0.41663338658146964
model 7 use labels test: [19 12 11 ... 18 11 15]
0.4318091054313099
model 8 use labels test: [19 12 11 ... 18 11 15]
0.6156150159744409
model 9 use labels test: [19 12 11 ... 18 11 15]
0.5222643769968051
model 10 use labels test: [19 12 11 ... 18 11 15]
0.3588258785942492
model 11 use labels test: [19 12 11 ... 18 11 15]
0.5408346645367412
model 12 use labels test: [19 12 11 ... 18 11 15]
0.5139776357827476
model 13 use labels test: [19 12 11 ... 18 11 15]
0.610423322683706
model 14 use labels test: [19 12 11 ... 18 11 15]
0.4305111821086262
model 15 use labels test: [19 12 11 ... 18 11 15]
0.44618610223642174
model 16 use labels test: [19 12 11 ... 18 11 15]
0.5728833865814696
model 17 use labels test: [19 12 11 ... 18 11 15]
0.5261581469648562
model 18 use labels test: [19 12 11 ... 18 11 15]
0.39257188498402557
model 19 use labels test: [19 12 11 ... 18 11 15]
0.3931709265175719
updates models ...
model 0 starting alignment with public logits... 
model 0 done alignment
model 0 starting training with private data... 
model 0 done private training. 

model 1 starting alignment with public logits... 
model 1 done alignment
model 1 starting training with private data... 
model 1 done private training. 

model 2 starting alignment with public logits... 
model 2 done alignment
model 2 starting training with private data... 
model 2 done private training. 

model 3 starting alignment with public logits... 
model 3 done alignment
model 3 starting training with private data... 
model 3 done private training. 

model 4 starting alignment with public logits... 
model 4 done alignment
model 4 starting training with private data... 
model 4 done private training. 

model 5 starting alignment with public logits... 
model 5 done alignment
model 5 starting training with private data... 
model 5 done private training. 

model 6 starting alignment with public logits... 
model 6 done alignment
model 6 starting training with private data... 
model 6 done private training. 

model 7 starting alignment with public logits... 
model 7 done alignment
model 7 starting training with private data... 
model 7 done private training. 

model 8 starting alignment with public logits... 
model 8 done alignment
model 8 starting training with private data... 
model 8 done private training. 

model 9 starting alignment with public logits... 
model 9 done alignment
model 9 starting training with private data... 
model 9 done private training. 

model 10 starting alignment with public logits... 
model 10 done alignment
model 10 starting training with private data... 
model 10 done private training. 

model 11 starting alignment with public logits... 
model 11 done alignment
model 11 starting training with private data... 
model 11 done private training. 

model 12 starting alignment with public logits... 
model 12 done alignment
model 12 starting training with private data... 
model 12 done private training. 

model 13 starting alignment with public logits... 
model 13 done alignment
model 13 starting training with private data... 
model 13 done private training. 

model 14 starting alignment with public logits... 
model 14 done alignment
model 14 starting training with private data... 
model 14 done private training. 

model 15 starting alignment with public logits... 
model 15 done alignment
model 15 starting training with private data... 
model 15 done private training. 

model 16 starting alignment with public logits... 
model 16 done alignment
model 16 starting training with private data... 
model 16 done private training. 

model 17 starting alignment with public logits... 
model 17 done alignment
model 17 starting training with private data... 
model 17 done private training. 

model 18 starting alignment with public logits... 
model 18 done alignment
model 18 starting training with private data... 
model 18 done private training. 

model 19 starting alignment with public logits... 
model 19 done alignment
model 19 starting training with private data... 
model 19 done private training. 

round  14
update logits ... 
test performance ... 
model 0 use labels test: [19 12 11 ... 18 11 15]
0.5885583067092651
model 1 use labels test: [19 12 11 ... 18 11 15]
0.42072683706070285
model 2 use labels test: [19 12 11 ... 18 11 15]
0.3976637380191693
model 3 use labels test: [19 12 11 ... 18 11 15]
0.5416333865814696
model 4 use labels test: [19 12 11 ... 18 11 15]
0.5625998402555911
model 5 use labels test: [19 12 11 ... 18 11 15]
0.5243610223642172
model 6 use labels test: [19 12 11 ... 18 11 15]
0.3867811501597444
model 7 use labels test: [19 12 11 ... 18 11 15]
0.4151357827476038
model 8 use labels test: [19 12 11 ... 18 11 15]
0.5964456869009584
model 9 use labels test: [19 12 11 ... 18 11 15]
0.47863418530351437
model 10 use labels test: [19 12 11 ... 18 11 15]
0.37490015974440893
model 11 use labels test: [19 12 11 ... 18 11 15]
0.5586062300319489
model 12 use labels test: [19 12 11 ... 18 11 15]
0.4878194888178914
model 13 use labels test: [19 12 11 ... 18 11 15]
0.5932507987220448
model 14 use labels test: [19 12 11 ... 18 11 15]
0.41134185303514376
model 15 use labels test: [19 12 11 ... 18 11 15]
0.48871805111821087
model 16 use labels test: [19 12 11 ... 18 11 15]
0.575379392971246
model 17 use labels test: [19 12 11 ... 18 11 15]
0.46894968051118213
model 18 use labels test: [19 12 11 ... 18 11 15]
0.41833067092651754
model 19 use labels test: [19 12 11 ... 18 11 15]
0.38288738019169327
updates models ...
model 0 starting alignment with public logits... 
model 0 done alignment
model 0 starting training with private data... 
model 0 done private training. 

model 1 starting alignment with public logits... 
model 1 done alignment
model 1 starting training with private data... 
model 1 done private training. 

model 2 starting alignment with public logits... 
model 2 done alignment
model 2 starting training with private data... 
model 2 done private training. 

model 3 starting alignment with public logits... 
model 3 done alignment
model 3 starting training with private data... 
model 3 done private training. 

model 4 starting alignment with public logits... 
model 4 done alignment
model 4 starting training with private data... 
model 4 done private training. 

model 5 starting alignment with public logits... 
model 5 done alignment
model 5 starting training with private data... 
model 5 done private training. 

model 6 starting alignment with public logits... 
model 6 done alignment
model 6 starting training with private data... 
model 6 done private training. 

model 7 starting alignment with public logits... 
model 7 done alignment
model 7 starting training with private data... 
model 7 done private training. 

model 8 starting alignment with public logits... 
model 8 done alignment
model 8 starting training with private data... 
model 8 done private training. 

model 9 starting alignment with public logits... 
model 9 done alignment
model 9 starting training with private data... 
model 9 done private training. 

model 10 starting alignment with public logits... 
model 10 done alignment
model 10 starting training with private data... 
model 10 done private training. 

model 11 starting alignment with public logits... 
model 11 done alignment
model 11 starting training with private data... 
model 11 done private training. 

model 12 starting alignment with public logits... 
model 12 done alignment
model 12 starting training with private data... 
model 12 done private training. 

model 13 starting alignment with public logits... 
model 13 done alignment
model 13 starting training with private data... 
model 13 done private training. 

model 14 starting alignment with public logits... 
model 14 done alignment
model 14 starting training with private data... 
model 14 done private training. 

model 15 starting alignment with public logits... 
model 15 done alignment
model 15 starting training with private data... 
model 15 done private training. 

model 16 starting alignment with public logits... 
model 16 done alignment
model 16 starting training with private data... 
model 16 done private training. 

model 17 starting alignment with public logits... 
model 17 done alignment
model 17 starting training with private data... 
model 17 done private training. 

model 18 starting alignment with public logits... 
model 18 done alignment
model 18 starting training with private data... 
model 18 done private training. 

model 19 starting alignment with public logits... 
model 19 done alignment
model 19 starting training with private data... 
model 19 done private training. 

round  15
update logits ... 
test performance ... 
model 0 use labels test: [19 12 11 ... 18 11 15]
0.5623003194888179
model 1 use labels test: [19 12 11 ... 18 11 15]
0.472444089456869
model 2 use labels test: [19 12 11 ... 18 11 15]
0.26777156549520764
model 3 use labels test: [19 12 11 ... 18 11 15]
0.4777356230031949
model 4 use labels test: [19 12 11 ... 18 11 15]
0.5678913738019169
model 5 use labels test: [19 12 11 ... 18 11 15]
0.43849840255591055
model 6 use labels test: [19 12 11 ... 18 11 15]
0.37320287539936103
model 7 use labels test: [19 12 11 ... 18 11 15]
0.4049520766773163
model 8 use labels test: [19 12 11 ... 18 11 15]
0.5584065495207667
model 9 use labels test: [19 12 11 ... 18 11 15]
0.49051517571884984
model 10 use labels test: [19 12 11 ... 18 11 15]
0.3526357827476038
model 11 use labels test: [19 12 11 ... 18 11 15]
0.5246605431309904
model 12 use labels test: [19 12 11 ... 18 11 15]
0.5492212460063898
model 13 use labels test: [19 12 11 ... 18 11 15]
0.4928115015974441
model 14 use labels test: [19 12 11 ... 18 11 15]
0.36182108626198084
model 15 use labels test: [19 12 11 ... 18 11 15]
0.5207667731629393
model 16 use labels test: [19 12 11 ... 18 11 15]
0.5592052715654952
model 17 use labels test: [19 12 11 ... 18 11 15]
0.5304512779552716
model 18 use labels test: [19 12 11 ... 18 11 15]
0.4475838658146965
model 19 use labels test: [19 12 11 ... 18 11 15]
0.4009584664536741
updates models ...
model 0 starting alignment with public logits... 
model 0 done alignment
model 0 starting training with private data... 
model 0 done private training. 

model 1 starting alignment with public logits... 
model 1 done alignment
model 1 starting training with private data... 
model 1 done private training. 

model 2 starting alignment with public logits... 
model 2 done alignment
model 2 starting training with private data... 
model 2 done private training. 

model 3 starting alignment with public logits... 
model 3 done alignment
model 3 starting training with private data... 
model 3 done private training. 

model 4 starting alignment with public logits... 
model 4 done alignment
model 4 starting training with private data... 
model 4 done private training. 

model 5 starting alignment with public logits... 
model 5 done alignment
model 5 starting training with private data... 
model 5 done private training. 

model 6 starting alignment with public logits... 
model 6 done alignment
model 6 starting training with private data... 
model 6 done private training. 

model 7 starting alignment with public logits... 
model 7 done alignment
model 7 starting training with private data... 
model 7 done private training. 

model 8 starting alignment with public logits... 
model 8 done alignment
model 8 starting training with private data... 
model 8 done private training. 

model 9 starting alignment with public logits... 
model 9 done alignment
model 9 starting training with private data... 
model 9 done private training. 

model 10 starting alignment with public logits... 
model 10 done alignment
model 10 starting training with private data... 
model 10 done private training. 

model 11 starting alignment with public logits... 
model 11 done alignment
model 11 starting training with private data... 
model 11 done private training. 

model 12 starting alignment with public logits... 
model 12 done alignment
model 12 starting training with private data... 
model 12 done private training. 

model 13 starting alignment with public logits... 
model 13 done alignment
model 13 starting training with private data... 
model 13 done private training. 

model 14 starting alignment with public logits... 
model 14 done alignment
model 14 starting training with private data... 
model 14 done private training. 

model 15 starting alignment with public logits... 
model 15 done alignment
model 15 starting training with private data... 
model 15 done private training. 

model 16 starting alignment with public logits... 
model 16 done alignment
model 16 starting training with private data... 
model 16 done private training. 

model 17 starting alignment with public logits... 
model 17 done alignment
model 17 starting training with private data... 
model 17 done private training. 

model 18 starting alignment with public logits... 
model 18 done alignment
model 18 starting training with private data... 
model 18 done private training. 

model 19 starting alignment with public logits... 
model 19 done alignment
model 19 starting training with private data... 
model 19 done private training. 

round  16
update logits ... 
test performance ... 
model 0 use labels test: [19 12 11 ... 18 11 15]
0.5820686900958466
model 1 use labels test: [19 12 11 ... 18 11 15]
0.45746805111821087
model 2 use labels test: [19 12 11 ... 18 11 15]
0.3546325878594249
model 3 use labels test: [19 12 11 ... 18 11 15]
0.4645567092651757
model 4 use labels test: [19 12 11 ... 18 11 15]
0.479732428115016
model 5 use labels test: [19 12 11 ... 18 11 15]
0.4751397763578275
model 6 use labels test: [19 12 11 ... 18 11 15]
0.2779552715654952
model 7 use labels test: [19 12 11 ... 18 11 15]
0.39426916932907347
model 8 use labels test: [19 12 11 ... 18 11 15]
0.5781749201277955
model 9 use labels test: [19 12 11 ... 18 11 15]
0.4995007987220447
model 10 use labels test: [19 12 11 ... 18 11 15]
0.3643170926517572
model 11 use labels test: [19 12 11 ... 18 11 15]
0.4398961661341853
model 12 use labels test: [19 12 11 ... 18 11 15]
0.5701876996805112
model 13 use labels test: [19 12 11 ... 18 11 15]
0.5077875399361023
model 14 use labels test: [19 12 11 ... 18 11 15]
0.2025758785942492
model 15 use labels test: [19 12 11 ... 18 11 15]
0.4184305111821086
model 16 use labels test: [19 12 11 ... 18 11 15]
0.5253594249201278
model 17 use labels test: [19 12 11 ... 18 11 15]
0.4504792332268371
model 18 use labels test: [19 12 11 ... 18 11 15]
0.415435303514377
model 19 use labels test: [19 12 11 ... 18 11 15]
0.3818889776357827
updates models ...
model 0 starting alignment with public logits... 
model 0 done alignment
model 0 starting training with private data... 
model 0 done private training. 

model 1 starting alignment with public logits... 
model 1 done alignment
model 1 starting training with private data... 
model 1 done private training. 

model 2 starting alignment with public logits... 
model 2 done alignment
model 2 starting training with private data... 
model 2 done private training. 

model 3 starting alignment with public logits... 
model 3 done alignment
model 3 starting training with private data... 
model 3 done private training. 

model 4 starting alignment with public logits... 
model 4 done alignment
model 4 starting training with private data... 
model 4 done private training. 

model 5 starting alignment with public logits... 
model 5 done alignment
model 5 starting training with private data... 
model 5 done private training. 

model 6 starting alignment with public logits... 
model 6 done alignment
model 6 starting training with private data... 
model 6 done private training. 

model 7 starting alignment with public logits... 
model 7 done alignment
model 7 starting training with private data... 
model 7 done private training. 

model 8 starting alignment with public logits... 
model 8 done alignment
model 8 starting training with private data... 
model 8 done private training. 

model 9 starting alignment with public logits... 
model 9 done alignment
model 9 starting training with private data... 
model 9 done private training. 

model 10 starting alignment with public logits... 
model 10 done alignment
model 10 starting training with private data... 
model 10 done private training. 

model 11 starting alignment with public logits... 
model 11 done alignment
model 11 starting training with private data... 
model 11 done private training. 

model 12 starting alignment with public logits... 
model 12 done alignment
model 12 starting training with private data... 
model 12 done private training. 

model 13 starting alignment with public logits... 
model 13 done alignment
model 13 starting training with private data... 
model 13 done private training. 

model 14 starting alignment with public logits... 
model 14 done alignment
model 14 starting training with private data... 
model 14 done private training. 

model 15 starting alignment with public logits... 
model 15 done alignment
model 15 starting training with private data... 
model 15 done private training. 

model 16 starting alignment with public logits... 
model 16 done alignment
model 16 starting training with private data... 
model 16 done private training. 

model 17 starting alignment with public logits... 
model 17 done alignment
model 17 starting training with private data... 
model 17 done private training. 

model 18 starting alignment with public logits... 
model 18 done alignment
model 18 starting training with private data... 
model 18 done private training. 

model 19 starting alignment with public logits... 
model 19 done alignment
model 19 starting training with private data... 
model 19 done private training. 

round  17
update logits ... 
test performance ... 
model 0 use labels test: [19 12 11 ... 18 11 15]
0.6423722044728435
model 1 use labels test: [19 12 11 ... 18 11 15]
0.5012979233226837
model 2 use labels test: [19 12 11 ... 18 11 15]
0.3647164536741214
model 3 use labels test: [19 12 11 ... 18 11 15]
0.42472044728434505
model 4 use labels test: [19 12 11 ... 18 11 15]
0.5412340255591054
model 5 use labels test: [19 12 11 ... 18 11 15]
0.44109424920127793
model 6 use labels test: [19 12 11 ... 18 11 15]
0.39786341853035145
model 7 use labels test: [19 12 11 ... 18 11 15]
0.35652955271565495
model 8 use labels test: [19 12 11 ... 18 11 15]
0.5116813099041534
model 9 use labels test: [19 12 11 ... 18 11 15]
0.4932108626198083
model 10 use labels test: [19 12 11 ... 18 11 15]
0.22933306709265175
model 11 use labels test: [19 12 11 ... 18 11 15]
0.4670527156549521
model 12 use labels test: [19 12 11 ... 18 11 15]
0.5456269968051118
model 13 use labels test: [19 12 11 ... 18 11 15]
0.5885583067092651
model 14 use labels test: [19 12 11 ... 18 11 15]
0.2181509584664537
model 15 use labels test: [19 12 11 ... 18 11 15]
0.44918130990415334
model 16 use labels test: [19 12 11 ... 18 11 15]
0.49121405750798725
model 17 use labels test: [19 12 11 ... 18 11 15]
0.41413738019169327
model 18 use labels test: [19 12 11 ... 18 11 15]
0.3222843450479233
model 19 use labels test: [19 12 11 ... 18 11 15]
0.41503594249201275
updates models ...
model 0 starting alignment with public logits... 
model 0 done alignment
model 0 starting training with private data... 
model 0 done private training. 

model 1 starting alignment with public logits... 
model 1 done alignment
model 1 starting training with private data... 
model 1 done private training. 

model 2 starting alignment with public logits... 
model 2 done alignment
model 2 starting training with private data... 
model 2 done private training. 

model 3 starting alignment with public logits... 
model 3 done alignment
model 3 starting training with private data... 
model 3 done private training. 

model 4 starting alignment with public logits... 
model 4 done alignment
model 4 starting training with private data... 
model 4 done private training. 

model 5 starting alignment with public logits... 
model 5 done alignment
model 5 starting training with private data... 
model 5 done private training. 

model 6 starting alignment with public logits... 
model 6 done alignment
model 6 starting training with private data... 
model 6 done private training. 

model 7 starting alignment with public logits... 
model 7 done alignment
model 7 starting training with private data... 
model 7 done private training. 

model 8 starting alignment with public logits... 
model 8 done alignment
model 8 starting training with private data... 
model 8 done private training. 

model 9 starting alignment with public logits... 
model 9 done alignment
model 9 starting training with private data... 
model 9 done private training. 

model 10 starting alignment with public logits... 
model 10 done alignment
model 10 starting training with private data... 
model 10 done private training. 

model 11 starting alignment with public logits... 
model 11 done alignment
model 11 starting training with private data... 
model 11 done private training. 

model 12 starting alignment with public logits... 
model 12 done alignment
model 12 starting training with private data... 
model 12 done private training. 

model 13 starting alignment with public logits... 
model 13 done alignment
model 13 starting training with private data... 
model 13 done private training. 

model 14 starting alignment with public logits... 
model 14 done alignment
model 14 starting training with private data... 
model 14 done private training. 

model 15 starting alignment with public logits... 
model 15 done alignment
model 15 starting training with private data... 
model 15 done private training. 

model 16 starting alignment with public logits... 
model 16 done alignment
model 16 starting training with private data... 
model 16 done private training. 

model 17 starting alignment with public logits... 
model 17 done alignment
model 17 starting training with private data... 
model 17 done private training. 

model 18 starting alignment with public logits... 
model 18 done alignment
model 18 starting training with private data... 
model 18 done private training. 

model 19 starting alignment with public logits... 
model 19 done alignment
model 19 starting training with private data... 
model 19 done private training. 

round  18
update logits ... 
test performance ... 
model 0 use labels test: [19 12 11 ... 18 11 15]
0.5521166134185304
model 1 use labels test: [19 12 11 ... 18 11 15]
0.44109424920127793
model 2 use labels test: [19 12 11 ... 18 11 15]
0.36621405750798725
model 3 use labels test: [19 12 11 ... 18 11 15]
0.4514776357827476
model 4 use labels test: [19 12 11 ... 18 11 15]
0.4505790734824281
model 5 use labels test: [19 12 11 ... 18 11 15]
0.4557707667731629
model 6 use labels test: [19 12 11 ... 18 11 15]
0.35982428115015974
model 7 use labels test: [19 12 11 ... 18 11 15]
0.34644568690095845
model 8 use labels test: [19 12 11 ... 18 11 15]
0.521964856230032
model 9 use labels test: [19 12 11 ... 18 11 15]
0.3839856230031949
model 10 use labels test: [19 12 11 ... 18 11 15]
0.28384584664536744
model 11 use labels test: [19 12 11 ... 18 11 15]
0.4490814696485623
model 12 use labels test: [19 12 11 ... 18 11 15]
0.5173722044728435
model 13 use labels test: [19 12 11 ... 18 11 15]
0.5381389776357828
model 14 use labels test: [19 12 11 ... 18 11 15]
0.19918130990415336
model 15 use labels test: [19 12 11 ... 18 11 15]
0.4371006389776358
model 16 use labels test: [19 12 11 ... 18 11 15]
0.5831669329073482
model 17 use labels test: [19 12 11 ... 18 11 15]
0.4902156549520767
model 18 use labels test: [19 12 11 ... 18 11 15]
0.35163738019169327
model 19 use labels test: [19 12 11 ... 18 11 15]
0.42012779552715657
updates models ...
model 0 starting alignment with public logits... 
model 0 done alignment
model 0 starting training with private data... 
model 0 done private training. 

model 1 starting alignment with public logits... 
model 1 done alignment
model 1 starting training with private data... 
model 1 done private training. 

model 2 starting alignment with public logits... 
model 2 done alignment
model 2 starting training with private data... 
model 2 done private training. 

model 3 starting alignment with public logits... 
model 3 done alignment
model 3 starting training with private data... 
model 3 done private training. 

model 4 starting alignment with public logits... 
model 4 done alignment
model 4 starting training with private data... 
model 4 done private training. 

model 5 starting alignment with public logits... 
model 5 done alignment
model 5 starting training with private data... 
model 5 done private training. 

model 6 starting alignment with public logits... 
model 6 done alignment
model 6 starting training with private data... 
model 6 done private training. 

model 7 starting alignment with public logits... 
model 7 done alignment
model 7 starting training with private data... 
model 7 done private training. 

model 8 starting alignment with public logits... 
model 8 done alignment
model 8 starting training with private data... 
model 8 done private training. 

model 9 starting alignment with public logits... 
model 9 done alignment
model 9 starting training with private data... 
model 9 done private training. 

model 10 starting alignment with public logits... 
model 10 done alignment
model 10 starting training with private data... 
model 10 done private training. 

model 11 starting alignment with public logits... 
model 11 done alignment
model 11 starting training with private data... 
model 11 done private training. 

model 12 starting alignment with public logits... 
model 12 done alignment
model 12 starting training with private data... 
model 12 done private training. 

model 13 starting alignment with public logits... 
model 13 done alignment
model 13 starting training with private data... 
model 13 done private training. 

model 14 starting alignment with public logits... 
model 14 done alignment
model 14 starting training with private data... 
model 14 done private training. 

model 15 starting alignment with public logits... 
model 15 done alignment
model 15 starting training with private data... 
model 15 done private training. 

model 16 starting alignment with public logits... 
model 16 done alignment
model 16 starting training with private data... 
model 16 done private training. 

model 17 starting alignment with public logits... 
model 17 done alignment
model 17 starting training with private data... 
model 17 done private training. 

model 18 starting alignment with public logits... 
model 18 done alignment
model 18 starting training with private data... 
model 18 done private training. 

model 19 starting alignment with public logits... 
model 19 done alignment
model 19 starting training with private data... 
model 19 done private training. 

round  19
update logits ... 
test performance ... 
model 0 use labels test: [19 12 11 ... 18 11 15]
0.4935103833865815
model 1 use labels test: [19 12 11 ... 18 11 15]
0.3415535143769968
model 2 use labels test: [19 12 11 ... 18 11 15]
0.3619209265175719
model 3 use labels test: [19 12 11 ... 18 11 15]
0.32967252396166136
model 4 use labels test: [19 12 11 ... 18 11 15]
0.4416932907348243
model 5 use labels test: [19 12 11 ... 18 11 15]
0.41333865814696485
model 6 use labels test: [19 12 11 ... 18 11 15]
0.2759584664536741
model 7 use labels test: [19 12 11 ... 18 11 15]
0.34185303514376997
model 8 use labels test: [19 12 11 ... 18 11 15]
0.5403354632587859
model 9 use labels test: [19 12 11 ... 18 11 15]
0.4084464856230032
model 10 use labels test: [19 12 11 ... 18 11 15]
0.37160543130990414
model 11 use labels test: [19 12 11 ... 18 11 15]
0.3979632587859425
model 12 use labels test: [19 12 11 ... 18 11 15]
0.5321485623003195
model 13 use labels test: [19 12 11 ... 18 11 15]
0.41773162939297126
model 14 use labels test: [19 12 11 ... 18 11 15]
0.15445287539936103
model 15 use labels test: [19 12 11 ... 18 11 15]
0.41663338658146964
model 16 use labels test: [19 12 11 ... 18 11 15]
0.5180710862619808
model 17 use labels test: [19 12 11 ... 18 11 15]
0.41074281150159747
model 18 use labels test: [19 12 11 ... 18 11 15]
0.30630990415335463
model 19 use labels test: [19 12 11 ... 18 11 15]
0.33616214057507987
updates models ...
model 0 starting alignment with public logits... 
model 0 done alignment
model 0 starting training with private data... 
model 0 done private training. 

model 1 starting alignment with public logits... 
model 1 done alignment
model 1 starting training with private data... 
model 1 done private training. 

model 2 starting alignment with public logits... 
model 2 done alignment
model 2 starting training with private data... 
model 2 done private training. 

model 3 starting alignment with public logits... 
model 3 done alignment
model 3 starting training with private data... 
model 3 done private training. 

model 4 starting alignment with public logits... 
model 4 done alignment
model 4 starting training with private data... 
model 4 done private training. 

model 5 starting alignment with public logits... 
model 5 done alignment
model 5 starting training with private data... 
model 5 done private training. 

model 6 starting alignment with public logits... 
model 6 done alignment
model 6 starting training with private data... 
model 6 done private training. 

model 7 starting alignment with public logits... 
model 7 done alignment
model 7 starting training with private data... 
model 7 done private training. 

model 8 starting alignment with public logits... 
model 8 done alignment
model 8 starting training with private data... 
model 8 done private training. 

model 9 starting alignment with public logits... 
model 9 done alignment
model 9 starting training with private data... 
model 9 done private training. 

model 10 starting alignment with public logits... 
model 10 done alignment
model 10 starting training with private data... 
model 10 done private training. 

model 11 starting alignment with public logits... 
model 11 done alignment
model 11 starting training with private data... 
model 11 done private training. 

model 12 starting alignment with public logits... 
model 12 done alignment
model 12 starting training with private data... 
model 12 done private training. 

model 13 starting alignment with public logits... 
model 13 done alignment
model 13 starting training with private data... 
model 13 done private training. 

model 14 starting alignment with public logits... 
model 14 done alignment
model 14 starting training with private data... 
model 14 done private training. 

model 15 starting alignment with public logits... 
model 15 done alignment
model 15 starting training with private data... 
model 15 done private training. 

model 16 starting alignment with public logits... 
model 16 done alignment
model 16 starting training with private data... 
model 16 done private training. 

model 17 starting alignment with public logits... 
model 17 done alignment
model 17 starting training with private data... 
model 17 done private training. 

model 18 starting alignment with public logits... 
model 18 done alignment
model 18 starting training with private data... 
model 18 done private training. 

model 19 starting alignment with public logits... 
model 19 done alignment
model 19 starting training with private data... 
model 19 done private training. 

round  20
update logits ... 
logits_shape:
(5000, 20)
private_data[0]['y']: [10 10 10 11 11 11 12 12 12 13 13 13 14 14 14 15 15 15 16 16 16 17 17 17
 18 18 18 19 19 19]
private_data[1]['y']: [10 10 10 11 11 11 12 12 12 13 13 13 14 14 14 15 15 15 16 16 16 17 17 17
 18 18 18 19 19 19]
private_data[2]['y']: [10 10 10 11 11 11 12 12 12 13 13 13 14 14 14 15 15 15 16 16 16 17 17 17
 18 18 18 19 19 19]
private_data[3]['y']: [10 10 10 11 11 11 12 12 12 13 13 13 14 14 14 15 15 15 16 16 16 17 17 17
 18 18 18 19 19 19]
private_data[4]['y']: [10 10 10 11 11 11 12 12 12 13 13 13 14 14 14 15 15 15 16 16 16 17 17 17
 18 18 18 19 19 19]
private_data[5]['y']: [10 10 10 11 11 11 12 12 12 13 13 13 14 14 14 15 15 15 16 16 16 17 17 17
 18 18 18 19 19 19]
private_data[6]['y']: [10 10 10 11 11 11 12 12 12 13 13 13 14 14 14 15 15 15 16 16 16 17 17 17
 18 18 18 19 19 19]
private_data[7]['y']: [10 10 10 11 11 11 12 12 12 13 13 13 14 14 14 15 15 15 16 16 16 17 17 17
 18 18 18 19 19 19]
private_data[8]['y']: [10 10 10 11 11 11 12 12 12 13 13 13 14 14 14 15 15 15 16 16 16 17 17 17
 18 18 18 19 19 19]
private_data[9]['y']: [10 10 10 11 11 11 12 12 12 13 13 13 14 14 14 15 15 15 16 16 16 17 17 17
 18 18 18 19 19 19]
private_data[10]['y']: [10 10 10 11 11 11 12 12 12 13 13 13 14 14 14 15 15 15 16 16 16 17 17 17
 18 18 18 19 19 19]
private_data[11]['y']: [10 10 10 11 11 11 12 12 12 13 13 13 14 14 14 15 15 15 16 16 16 17 17 17
 18 18 18 19 19 19]
private_data[12]['y']: [10 10 10 11 11 11 12 12 12 13 13 13 14 14 14 15 15 15 16 16 16 17 17 17
 18 18 18 19 19 19]
private_data[13]['y']: [10 10 10 11 11 11 12 12 12 13 13 13 14 14 14 15 15 15 16 16 16 17 17 17
 18 18 18 19 19 19]
private_data[14]['y']: [10 10 10 11 11 11 12 12 12 13 13 13 14 14 14 15 15 15 16 16 16 17 17 17
 18 18 18 19 19 19]
private_data[15]['y']: [10 10 10 11 11 11 12 12 12 13 13 13 14 14 14 15 15 15 16 16 16 17 17 17
 18 18 18 19 19 19]
private_data[16]['y']: [10 10 10 11 11 11 12 12 12 13 13 13 14 14 14 15 15 15 16 16 16 17 17 17
 18 18 18 19 19 19]
private_data[17]['y']: [10 10 10 11 11 11 12 12 12 13 13 13 14 14 14 15 15 15 16 16 16 17 17 17
 18 18 18 19 19 19]
private_data[18]['y']: [10 10 10 11 11 11 12 12 12 13 13 13 14 14 14 15 15 15 16 16 16 17 17 17
 18 18 18 19 19 19]
private_data[19]['y']: [10 10 10 11 11 11 12 12 12 13 13 13 14 14 14 15 15 15 16 16 16 17 17 17
 18 18 18 19 19 19]
test performance ... 
model 0 use labels test: [19 12 11 ... 18 11 15]
0.47803514376996803
model 1 use labels test: [19 12 11 ... 18 11 15]
0.44618610223642174
model 2 use labels test: [19 12 11 ... 18 11 15]
0.301517571884984
model 3 use labels test: [19 12 11 ... 18 11 15]
0.5032947284345048
model 4 use labels test: [19 12 11 ... 18 11 15]
0.5434305111821086
model 5 use labels test: [19 12 11 ... 18 11 15]
0.40625
model 6 use labels test: [19 12 11 ... 18 11 15]
0.2731629392971246
model 7 use labels test: [19 12 11 ... 18 11 15]
0.340055910543131
model 8 use labels test: [19 12 11 ... 18 11 15]
0.5246605431309904
model 9 use labels test: [19 12 11 ... 18 11 15]
0.46775159744408945
model 10 use labels test: [19 12 11 ... 18 11 15]
0.38428514376996803
model 11 use labels test: [19 12 11 ... 18 11 15]
0.4683506389776358
model 12 use labels test: [19 12 11 ... 18 11 15]
0.5426317891373802
model 13 use labels test: [19 12 11 ... 18 11 15]
0.3871805111821086
model 14 use labels test: [19 12 11 ... 18 11 15]
0.22034744408945686
model 15 use labels test: [19 12 11 ... 18 11 15]
0.3649161341853035
model 16 use labels test: [19 12 11 ... 18 11 15]
0.5933506389776357
model 17 use labels test: [19 12 11 ... 18 11 15]
0.5327476038338658
model 18 use labels test: [19 12 11 ... 18 11 15]
0.3196884984025559
model 19 use labels test: [19 12 11 ... 18 11 15]
0.3847843450479233
