Namespace(conf='../conf/My_EMNIST_balance_conf.json', dataset='mnist', gpu=1.0, iid=True, use_pretrained_model=False)
X shape : (60000, 28, 28)
y shape : (60000,)
X shape : (10000, 28, 28)
y shape : (10000,)
19    6000
18    6000
17    6000
16    6000
15    6000
14    6000
13    6000
12    6000
11    6000
10    6000
dtype: int64
mod_private_classes: [array([19, 11]), array([11, 18]), array([14, 10]), array([19, 11]), array([13, 11]), array([19, 11]), array([13, 11]), array([13, 12]), array([17, 19]), array([17, 18]), array([13, 18]), array([12, 15]), array([10, 14]), array([11, 15]), array([15, 16]), array([12, 17]), array([12, 18]), array([19, 10]), array([14, 13]), array([14, 17])]
============================================================
============================================================
X shape : (2000, 28, 28)
y shape : (2000,)
X shape : (2000, 28, 28)
y shape : (2000,)
X shape : (2000, 28, 28)
y shape : (2000,)
X shape : (2000, 28, 28)
y shape : (2000,)
X shape : (2000, 28, 28)
y shape : (2000,)
X shape : (2000, 28, 28)
y shape : (2000,)
X shape : (2000, 28, 28)
y shape : (2000,)
X shape : (2000, 28, 28)
y shape : (2000,)
X shape : (2000, 28, 28)
y shape : (2000,)
X shape : (2000, 28, 28)
y shape : (2000,)
X shape : (2000, 28, 28)
y shape : (2000,)
X shape : (2000, 28, 28)
y shape : (2000,)
X shape : (2000, 28, 28)
y shape : (2000,)
X shape : (2000, 28, 28)
y shape : (2000,)
X shape : (2000, 28, 28)
y shape : (2000,)
X shape : (2000, 28, 28)
y shape : (2000,)
X shape : (2000, 28, 28)
y shape : (2000,)
X shape : (2000, 28, 28)
y shape : (2000,)
X shape : (2000, 28, 28)
y shape : (2000,)
X shape : (2000, 28, 28)
y shape : (2000,)
model 0 : ResNet18_1
model 1 : ResNet34_1
model 2 : mobilenet_1
model 3 : shufflenet_1
model 4 : ResNet18_2
model 5 : ResNet34_2
model 6 : mobilenet_2
model 7 : shufflenet_2
model 8 : ResNet18_3
model 9 : ResNet34_3
model 10 : mobilenet_3
model 11 : shufflenet_3
model 12 : ResNet18_4
model 13 : ResNet34_4
model 14 : mobilenet_4
model 15 : shufflenet_4
model 16 : ResNet18_5
model 17 : ResNet34_5
model 18 : mobilenet_5
model 19 : shufflenet_5
Training model  0
Training model  1
Training model  2
Training model  3
Training model  4
Training model  5
Training model  6
Training model  7
Training model  8
Training model  9
Training model  10
Training model  11
Training model  12
Training model  13
Training model  14
Training model  15
Training model  16
Training model  17
Training model  18
Training model  19
pre-train accuracy: 
[0.9893196202531646, 0.9908030063291139, 0.9871439873417721, 0.9885284810126582, 0.9917919303797469, 0.9906052215189873, 0.9900118670886076, 0.9892207278481012, 0.9903085443037974, 0.9899129746835443, 0.9907041139240507, 0.9921875, 0.9922863924050633, 0.9910996835443038, 0.9871439873417721, 0.9902096518987342, 0.9936708860759493, 0.990506329113924, 0.985067246835443, 0.9899129746835443]
publice_dataset[y]: [5 0 4 ... 5 6 8]
calculate the theoretical upper bounds for participants: 
the upper bounds are: [0.9454365079365079, 0.8447420634920635, 0.4340277777777778, 0.9578373015873016, 0.8898809523809523, 0.9578373015873016, 0.5877976190476191, 0.7063492063492064, 0.8908730158730159, 0.7371031746031746, 0.35119047619047616, 0.5148809523809523, 0.6557539682539683, 0.660218253968254, 0.003472222222222222, 0.7177579365079365, 0.7400793650793651, 0.6651785714285714, 0.3740079365079365, 0.7088293650793651]
start model initialization: 
finish model initialization: 
round  0
update logits ... 
test performance ... 
0.0882936507936508
0.28720238095238093
0.0
0.04563492063492063
0.15476190476190477
0.7976190476190477
0.0
0.004464285714285714
0.11061507936507936
0.38591269841269843
0.0
0.0
0.2197420634920635
0.9925595238095238
0.0
0.001488095238095238
0.021825396825396824
0.9107142857142857
0.0
0.0
updates models ...
model 0 starting alignment with public logits... 
model 0 done alignment
model 0 starting training with private data... 
model 0 done private training. 

model 1 starting alignment with public logits... 
model 1 done alignment
model 1 starting training with private data... 
model 1 done private training. 

model 2 starting alignment with public logits... 
model 2 done alignment
model 2 starting training with private data... 
model 2 done private training. 

model 3 starting alignment with public logits... 
model 3 done alignment
model 3 starting training with private data... 
model 3 done private training. 

model 4 starting alignment with public logits... 
model 4 done alignment
model 4 starting training with private data... 
model 4 done private training. 

model 5 starting alignment with public logits... 
model 5 done alignment
model 5 starting training with private data... 
model 5 done private training. 

model 6 starting alignment with public logits... 
model 6 done alignment
model 6 starting training with private data... 
model 6 done private training. 

model 7 starting alignment with public logits... 
model 7 done alignment
model 7 starting training with private data... 
model 7 done private training. 

model 8 starting alignment with public logits... 
model 8 done alignment
model 8 starting training with private data... 
model 8 done private training. 

model 9 starting alignment with public logits... 
model 9 done alignment
model 9 starting training with private data... 
model 9 done private training. 

model 10 starting alignment with public logits... 
model 10 done alignment
model 10 starting training with private data... 
model 10 done private training. 

model 11 starting alignment with public logits... 
model 11 done alignment
model 11 starting training with private data... 
model 11 done private training. 

model 12 starting alignment with public logits... 
model 12 done alignment
model 12 starting training with private data... 
model 12 done private training. 

model 13 starting alignment with public logits... 
model 13 done alignment
model 13 starting training with private data... 
model 13 done private training. 

model 14 starting alignment with public logits... 
model 14 done alignment
model 14 starting training with private data... 
model 14 done private training. 

model 15 starting alignment with public logits... 
model 15 done alignment
model 15 starting training with private data... 
model 15 done private training. 

model 16 starting alignment with public logits... 
model 16 done alignment
model 16 starting training with private data... 
model 16 done private training. 

model 17 starting alignment with public logits... 
model 17 done alignment
model 17 starting training with private data... 
model 17 done private training. 

model 18 starting alignment with public logits... 
model 18 done alignment
model 18 starting training with private data... 
model 18 done private training. 

model 19 starting alignment with public logits... 
model 19 done alignment
model 19 starting training with private data... 
model 19 done private training. 

round  1
update logits ... 
test performance ... 
0.0
0.0
0.0
0.0
0.0
0.0
0.0
0.0
0.0
0.0
0.0
0.0
0.0
0.0
0.0
0.0
0.0
0.000496031746031746
0.0
0.0
updates models ...
model 0 starting alignment with public logits... 
model 0 done alignment
model 0 starting training with private data... 
model 0 done private training. 

model 1 starting alignment with public logits... 
model 1 done alignment
model 1 starting training with private data... 
model 1 done private training. 

model 2 starting alignment with public logits... 
model 2 done alignment
model 2 starting training with private data... 
model 2 done private training. 

model 3 starting alignment with public logits... 
model 3 done alignment
model 3 starting training with private data... 
model 3 done private training. 

model 4 starting alignment with public logits... 
model 4 done alignment
model 4 starting training with private data... 
model 4 done private training. 

model 5 starting alignment with public logits... 
model 5 done alignment
model 5 starting training with private data... 
model 5 done private training. 

model 6 starting alignment with public logits... 
model 6 done alignment
model 6 starting training with private data... 
model 6 done private training. 

model 7 starting alignment with public logits... 
model 7 done alignment
model 7 starting training with private data... 
model 7 done private training. 

model 8 starting alignment with public logits... 
model 8 done alignment
model 8 starting training with private data... 
model 8 done private training. 

model 9 starting alignment with public logits... 
model 9 done alignment
model 9 starting training with private data... 
model 9 done private training. 

model 10 starting alignment with public logits... 
model 10 done alignment
model 10 starting training with private data... 
model 10 done private training. 

model 11 starting alignment with public logits... 
model 11 done alignment
model 11 starting training with private data... 
model 11 done private training. 

model 12 starting alignment with public logits... 
model 12 done alignment
model 12 starting training with private data... 
model 12 done private training. 

model 13 starting alignment with public logits... 
model 13 done alignment
model 13 starting training with private data... 
model 13 done private training. 

model 14 starting alignment with public logits... 
model 14 done alignment
model 14 starting training with private data... 
model 14 done private training. 

model 15 starting alignment with public logits... 
model 15 done alignment
model 15 starting training with private data... 
model 15 done private training. 

model 16 starting alignment with public logits... 
model 16 done alignment
model 16 starting training with private data... 
model 16 done private training. 

model 17 starting alignment with public logits... 
model 17 done alignment
model 17 starting training with private data... 
model 17 done private training. 

model 18 starting alignment with public logits... 
model 18 done alignment
model 18 starting training with private data... 
model 18 done private training. 

model 19 starting alignment with public logits... 
model 19 done alignment
model 19 starting training with private data... 
model 19 done private training. 

round  2
update logits ... 
test performance ... 
0.0
0.25744047619047616
0.0
0.0
0.0
0.22271825396825398
0.0
0.0
0.0
0.0
0.0
0.0
0.0
0.0
0.0
0.0
0.0
0.0
0.0
0.0
updates models ...
model 0 starting alignment with public logits... 
model 0 done alignment
model 0 starting training with private data... 
model 0 done private training. 

model 1 starting alignment with public logits... 
model 1 done alignment
model 1 starting training with private data... 
model 1 done private training. 

model 2 starting alignment with public logits... 
model 2 done alignment
model 2 starting training with private data... 
model 2 done private training. 

model 3 starting alignment with public logits... 
model 3 done alignment
model 3 starting training with private data... 
model 3 done private training. 

model 4 starting alignment with public logits... 
model 4 done alignment
model 4 starting training with private data... 
model 4 done private training. 

model 5 starting alignment with public logits... 
model 5 done alignment
model 5 starting training with private data... 
model 5 done private training. 

model 6 starting alignment with public logits... 
model 6 done alignment
model 6 starting training with private data... 
model 6 done private training. 

model 7 starting alignment with public logits... 
model 7 done alignment
model 7 starting training with private data... 
model 7 done private training. 

model 8 starting alignment with public logits... 
model 8 done alignment
model 8 starting training with private data... 
model 8 done private training. 

model 9 starting alignment with public logits... 
model 9 done alignment
model 9 starting training with private data... 
model 9 done private training. 

model 10 starting alignment with public logits... 
model 10 done alignment
model 10 starting training with private data... 
model 10 done private training. 

model 11 starting alignment with public logits... 
model 11 done alignment
model 11 starting training with private data... 
model 11 done private training. 

model 12 starting alignment with public logits... 
model 12 done alignment
model 12 starting training with private data... 
model 12 done private training. 

model 13 starting alignment with public logits... 
model 13 done alignment
model 13 starting training with private data... 
model 13 done private training. 

model 14 starting alignment with public logits... 
model 14 done alignment
model 14 starting training with private data... 
model 14 done private training. 

model 15 starting alignment with public logits... 
model 15 done alignment
model 15 starting training with private data... 
model 15 done private training. 

model 16 starting alignment with public logits... 
model 16 done alignment
model 16 starting training with private data... 
model 16 done private training. 

model 17 starting alignment with public logits... 
model 17 done alignment
model 17 starting training with private data... 
model 17 done private training. 

model 18 starting alignment with public logits... 
model 18 done alignment
model 18 starting training with private data... 
model 18 done private training. 

model 19 starting alignment with public logits... 
model 19 done alignment
model 19 starting training with private data... 
model 19 done private training. 

round  3
update logits ... 
test performance ... 
0.0
0.05555555555555555
0.0
0.0
0.0
0.02976190476190476
0.0
0.0
0.0
0.0
0.0
0.0
0.0
0.24603174603174602
0.0
0.0
0.0
0.00744047619047619
0.0
0.0
updates models ...
model 0 starting alignment with public logits... 
model 0 done alignment
model 0 starting training with private data... 
model 0 done private training. 

model 1 starting alignment with public logits... 
model 1 done alignment
model 1 starting training with private data... 
model 1 done private training. 

model 2 starting alignment with public logits... 
model 2 done alignment
model 2 starting training with private data... 
model 2 done private training. 

model 3 starting alignment with public logits... 
model 3 done alignment
model 3 starting training with private data... 
model 3 done private training. 

model 4 starting alignment with public logits... 
model 4 done alignment
model 4 starting training with private data... 
model 4 done private training. 

model 5 starting alignment with public logits... 
model 5 done alignment
model 5 starting training with private data... 
model 5 done private training. 

model 6 starting alignment with public logits... 
model 6 done alignment
model 6 starting training with private data... 
model 6 done private training. 

model 7 starting alignment with public logits... 
model 7 done alignment
model 7 starting training with private data... 
model 7 done private training. 

model 8 starting alignment with public logits... 
model 8 done alignment
model 8 starting training with private data... 
model 8 done private training. 

model 9 starting alignment with public logits... 
model 9 done alignment
model 9 starting training with private data... 
model 9 done private training. 

model 10 starting alignment with public logits... 
model 10 done alignment
model 10 starting training with private data... 
model 10 done private training. 

model 11 starting alignment with public logits... 
model 11 done alignment
model 11 starting training with private data... 
model 11 done private training. 

model 12 starting alignment with public logits... 
model 12 done alignment
model 12 starting training with private data... 
model 12 done private training. 

model 13 starting alignment with public logits... 
model 13 done alignment
model 13 starting training with private data... 
model 13 done private training. 

model 14 starting alignment with public logits... 
model 14 done alignment
model 14 starting training with private data... 
model 14 done private training. 

model 15 starting alignment with public logits... 
model 15 done alignment
model 15 starting training with private data... 
model 15 done private training. 

model 16 starting alignment with public logits... 
model 16 done alignment
model 16 starting training with private data... 
model 16 done private training. 

model 17 starting alignment with public logits... 
model 17 done alignment
model 17 starting training with private data... 
model 17 done private training. 

model 18 starting alignment with public logits... 
model 18 done alignment
model 18 starting training with private data... 
model 18 done private training. 

model 19 starting alignment with public logits... 
model 19 done alignment
model 19 starting training with private data... 
model 19 done private training. 

round  4
update logits ... 
test performance ... 
0.0
0.4479166666666667
0.0
0.0
0.0
0.47619047619047616
0.0
0.0
0.0
0.0
0.0
0.0
0.0
0.1949404761904762
0.0
0.0
0.0
0.008928571428571428
0.0
0.0
updates models ...
model 0 starting alignment with public logits... 
model 0 done alignment
model 0 starting training with private data... 
model 0 done private training. 

model 1 starting alignment with public logits... 
model 1 done alignment
model 1 starting training with private data... 
model 1 done private training. 

model 2 starting alignment with public logits... 
model 2 done alignment
model 2 starting training with private data... 
model 2 done private training. 

model 3 starting alignment with public logits... 
model 3 done alignment
model 3 starting training with private data... 
model 3 done private training. 

model 4 starting alignment with public logits... 
model 4 done alignment
model 4 starting training with private data... 
model 4 done private training. 

model 5 starting alignment with public logits... 
model 5 done alignment
model 5 starting training with private data... 
model 5 done private training. 

model 6 starting alignment with public logits... 
model 6 done alignment
model 6 starting training with private data... 
model 6 done private training. 

model 7 starting alignment with public logits... 
model 7 done alignment
model 7 starting training with private data... 
model 7 done private training. 

model 8 starting alignment with public logits... 
model 8 done alignment
model 8 starting training with private data... 
model 8 done private training. 

model 9 starting alignment with public logits... 
model 9 done alignment
model 9 starting training with private data... 
model 9 done private training. 

model 10 starting alignment with public logits... 
model 10 done alignment
model 10 starting training with private data... 
model 10 done private training. 

model 11 starting alignment with public logits... 
model 11 done alignment
model 11 starting training with private data... 
model 11 done private training. 

model 12 starting alignment with public logits... 
model 12 done alignment
model 12 starting training with private data... 
model 12 done private training. 

model 13 starting alignment with public logits... 
model 13 done alignment
model 13 starting training with private data... 
model 13 done private training. 

model 14 starting alignment with public logits... 
model 14 done alignment
model 14 starting training with private data... 
model 14 done private training. 

model 15 starting alignment with public logits... 
model 15 done alignment
model 15 starting training with private data... 
model 15 done private training. 

model 16 starting alignment with public logits... 
model 16 done alignment
model 16 starting training with private data... 
model 16 done private training. 

model 17 starting alignment with public logits... 
model 17 done alignment
model 17 starting training with private data... 
model 17 done private training. 

model 18 starting alignment with public logits... 
model 18 done alignment
model 18 starting training with private data... 
model 18 done private training. 

model 19 starting alignment with public logits... 
model 19 done alignment
model 19 starting training with private data... 
model 19 done private training. 

round  5
update logits ... 
test performance ... 
0.0
0.4538690476190476
0.0
0.0
0.0
0.49503968253968256
0.0
0.0
0.0
0.0
0.0
0.0
0.0
0.1453373015873016
0.0
0.0
0.0
0.011904761904761904
0.0
0.0
updates models ...
model 0 starting alignment with public logits... 
model 0 done alignment
model 0 starting training with private data... 
model 0 done private training. 

model 1 starting alignment with public logits... 
model 1 done alignment
model 1 starting training with private data... 
model 1 done private training. 

model 2 starting alignment with public logits... 
model 2 done alignment
model 2 starting training with private data... 
model 2 done private training. 

model 3 starting alignment with public logits... 
model 3 done alignment
model 3 starting training with private data... 
model 3 done private training. 

model 4 starting alignment with public logits... 
model 4 done alignment
model 4 starting training with private data... 
model 4 done private training. 

model 5 starting alignment with public logits... 
model 5 done alignment
model 5 starting training with private data... 
model 5 done private training. 

model 6 starting alignment with public logits... 
model 6 done alignment
model 6 starting training with private data... 
model 6 done private training. 

model 7 starting alignment with public logits... 
model 7 done alignment
model 7 starting training with private data... 
model 7 done private training. 

model 8 starting alignment with public logits... 
model 8 done alignment
model 8 starting training with private data... 
model 8 done private training. 

model 9 starting alignment with public logits... 
model 9 done alignment
model 9 starting training with private data... 
model 9 done private training. 

model 10 starting alignment with public logits... 
model 10 done alignment
model 10 starting training with private data... 
model 10 done private training. 

model 11 starting alignment with public logits... 
model 11 done alignment
model 11 starting training with private data... 
model 11 done private training. 

model 12 starting alignment with public logits... 
model 12 done alignment
model 12 starting training with private data... 
model 12 done private training. 

model 13 starting alignment with public logits... 
model 13 done alignment
model 13 starting training with private data... 
model 13 done private training. 

model 14 starting alignment with public logits... 
model 14 done alignment
model 14 starting training with private data... 
model 14 done private training. 

model 15 starting alignment with public logits... 
model 15 done alignment
model 15 starting training with private data... 
model 15 done private training. 

model 16 starting alignment with public logits... 
model 16 done alignment
model 16 starting training with private data... 
model 16 done private training. 

model 17 starting alignment with public logits... 
model 17 done alignment
model 17 starting training with private data... 
model 17 done private training. 

model 18 starting alignment with public logits... 
model 18 done alignment
model 18 starting training with private data... 
model 18 done private training. 

model 19 starting alignment with public logits... 
model 19 done alignment
model 19 starting training with private data... 
model 19 done private training. 

round  6
update logits ... 
test performance ... 
0.37648809523809523
0.47867063492063494
0.0
0.0
0.0
0.5580357142857143
0.0
0.0
0.0
0.0
0.0
0.0
0.0
0.4871031746031746
0.0
0.0
0.0
0.08134920634920635
0.0
0.0
updates models ...
model 0 starting alignment with public logits... 
model 0 done alignment
model 0 starting training with private data... 
model 0 done private training. 

model 1 starting alignment with public logits... 
model 1 done alignment
model 1 starting training with private data... 
model 1 done private training. 

model 2 starting alignment with public logits... 
model 2 done alignment
model 2 starting training with private data... 
model 2 done private training. 

model 3 starting alignment with public logits... 
model 3 done alignment
model 3 starting training with private data... 
model 3 done private training. 

model 4 starting alignment with public logits... 
model 4 done alignment
model 4 starting training with private data... 
model 4 done private training. 

model 5 starting alignment with public logits... 
model 5 done alignment
model 5 starting training with private data... 
model 5 done private training. 

model 6 starting alignment with public logits... 
model 6 done alignment
model 6 starting training with private data... 
model 6 done private training. 

model 7 starting alignment with public logits... 
model 7 done alignment
model 7 starting training with private data... 
model 7 done private training. 

model 8 starting alignment with public logits... 
model 8 done alignment
model 8 starting training with private data... 
model 8 done private training. 

model 9 starting alignment with public logits... 
model 9 done alignment
model 9 starting training with private data... 
model 9 done private training. 

model 10 starting alignment with public logits... 
model 10 done alignment
model 10 starting training with private data... 
model 10 done private training. 

model 11 starting alignment with public logits... 
model 11 done alignment
model 11 starting training with private data... 
model 11 done private training. 

model 12 starting alignment with public logits... 
model 12 done alignment
model 12 starting training with private data... 
model 12 done private training. 

model 13 starting alignment with public logits... 
model 13 done alignment
model 13 starting training with private data... 
model 13 done private training. 

model 14 starting alignment with public logits... 
model 14 done alignment
model 14 starting training with private data... 
model 14 done private training. 

model 15 starting alignment with public logits... 
model 15 done alignment
model 15 starting training with private data... 
model 15 done private training. 

model 16 starting alignment with public logits... 
model 16 done alignment
model 16 starting training with private data... 
model 16 done private training. 

model 17 starting alignment with public logits... 
model 17 done alignment
model 17 starting training with private data... 
model 17 done private training. 

model 18 starting alignment with public logits... 
model 18 done alignment
model 18 starting training with private data... 
model 18 done private training. 

model 19 starting alignment with public logits... 
model 19 done alignment
model 19 starting training with private data... 
model 19 done private training. 

round  7
update logits ... 
test performance ... 
0.000496031746031746
0.48214285714285715
0.0
0.0
0.00744047619047619
0.5947420634920635
0.0
0.0
0.0
0.0
0.0
0.0
0.0
0.4905753968253968
0.0
0.0
0.0
0.042162698412698416
0.0
0.0
updates models ...
model 0 starting alignment with public logits... 
model 0 done alignment
model 0 starting training with private data... 
model 0 done private training. 

model 1 starting alignment with public logits... 
model 1 done alignment
model 1 starting training with private data... 
model 1 done private training. 

model 2 starting alignment with public logits... 
model 2 done alignment
model 2 starting training with private data... 
model 2 done private training. 

model 3 starting alignment with public logits... 
model 3 done alignment
model 3 starting training with private data... 
model 3 done private training. 

model 4 starting alignment with public logits... 
model 4 done alignment
model 4 starting training with private data... 
model 4 done private training. 

model 5 starting alignment with public logits... 
model 5 done alignment
model 5 starting training with private data... 
model 5 done private training. 

model 6 starting alignment with public logits... 
model 6 done alignment
model 6 starting training with private data... 
model 6 done private training. 

model 7 starting alignment with public logits... 
model 7 done alignment
model 7 starting training with private data... 
model 7 done private training. 

model 8 starting alignment with public logits... 
model 8 done alignment
model 8 starting training with private data... 
model 8 done private training. 

model 9 starting alignment with public logits... 
model 9 done alignment
model 9 starting training with private data... 
model 9 done private training. 

model 10 starting alignment with public logits... 
model 10 done alignment
model 10 starting training with private data... 
model 10 done private training. 

model 11 starting alignment with public logits... 
model 11 done alignment
model 11 starting training with private data... 
model 11 done private training. 

model 12 starting alignment with public logits... 
model 12 done alignment
model 12 starting training with private data... 
model 12 done private training. 

model 13 starting alignment with public logits... 
model 13 done alignment
model 13 starting training with private data... 
model 13 done private training. 

model 14 starting alignment with public logits... 
model 14 done alignment
model 14 starting training with private data... 
model 14 done private training. 

model 15 starting alignment with public logits... 
model 15 done alignment
model 15 starting training with private data... 
model 15 done private training. 

model 16 starting alignment with public logits... 
model 16 done alignment
model 16 starting training with private data... 
model 16 done private training. 

model 17 starting alignment with public logits... 
model 17 done alignment
model 17 starting training with private data... 
model 17 done private training. 

model 18 starting alignment with public logits... 
model 18 done alignment
model 18 starting training with private data... 
model 18 done private training. 

model 19 starting alignment with public logits... 
model 19 done alignment
model 19 starting training with private data... 
model 19 done private training. 

round  8
update logits ... 
test performance ... 
0.001488095238095238
0.5342261904761905
0.0
0.0
0.018849206349206348
0.6240079365079365
0.0
0.0
0.0
0.0
0.0
0.0
0.0
0.19890873015873015
0.0
0.0
0.0
0.1671626984126984
0.0
0.0
updates models ...
model 0 starting alignment with public logits... 
model 0 done alignment
model 0 starting training with private data... 
model 0 done private training. 

model 1 starting alignment with public logits... 
model 1 done alignment
model 1 starting training with private data... 
model 1 done private training. 

model 2 starting alignment with public logits... 
model 2 done alignment
model 2 starting training with private data... 
model 2 done private training. 

model 3 starting alignment with public logits... 
model 3 done alignment
model 3 starting training with private data... 
model 3 done private training. 

model 4 starting alignment with public logits... 
model 4 done alignment
model 4 starting training with private data... 
model 4 done private training. 

model 5 starting alignment with public logits... 
model 5 done alignment
model 5 starting training with private data... 
model 5 done private training. 

model 6 starting alignment with public logits... 
model 6 done alignment
model 6 starting training with private data... 
model 6 done private training. 

model 7 starting alignment with public logits... 
model 7 done alignment
model 7 starting training with private data... 
model 7 done private training. 

model 8 starting alignment with public logits... 
model 8 done alignment
model 8 starting training with private data... 
model 8 done private training. 

model 9 starting alignment with public logits... 
model 9 done alignment
model 9 starting training with private data... 
model 9 done private training. 

model 10 starting alignment with public logits... 
model 10 done alignment
model 10 starting training with private data... 
model 10 done private training. 

model 11 starting alignment with public logits... 
model 11 done alignment
model 11 starting training with private data... 
model 11 done private training. 

model 12 starting alignment with public logits... 
model 12 done alignment
model 12 starting training with private data... 
model 12 done private training. 

model 13 starting alignment with public logits... 
model 13 done alignment
model 13 starting training with private data... 
model 13 done private training. 

model 14 starting alignment with public logits... 
model 14 done alignment
model 14 starting training with private data... 
model 14 done private training. 

model 15 starting alignment with public logits... 
model 15 done alignment
model 15 starting training with private data... 
model 15 done private training. 

model 16 starting alignment with public logits... 
model 16 done alignment
model 16 starting training with private data... 
model 16 done private training. 

model 17 starting alignment with public logits... 
model 17 done alignment
model 17 starting training with private data... 
model 17 done private training. 

model 18 starting alignment with public logits... 
model 18 done alignment
model 18 starting training with private data... 
model 18 done private training. 

model 19 starting alignment with public logits... 
model 19 done alignment
model 19 starting training with private data... 
model 19 done private training. 

round  9
update logits ... 
test performance ... 
0.006448412698412698
0.4965277777777778
0.0
0.0
0.00248015873015873
0.6170634920634921
0.0
0.0
0.0
0.0
0.0
0.0
0.0
0.47271825396825395
0.0
0.0
0.0
0.23561507936507936
0.0
0.0
updates models ...
model 0 starting alignment with public logits... 
model 0 done alignment
model 0 starting training with private data... 
model 0 done private training. 

model 1 starting alignment with public logits... 
model 1 done alignment
model 1 starting training with private data... 
model 1 done private training. 

model 2 starting alignment with public logits... 
model 2 done alignment
model 2 starting training with private data... 
model 2 done private training. 

model 3 starting alignment with public logits... 
model 3 done alignment
model 3 starting training with private data... 
model 3 done private training. 

model 4 starting alignment with public logits... 
model 4 done alignment
model 4 starting training with private data... 
model 4 done private training. 

model 5 starting alignment with public logits... 
model 5 done alignment
model 5 starting training with private data... 
model 5 done private training. 

model 6 starting alignment with public logits... 
model 6 done alignment
model 6 starting training with private data... 
model 6 done private training. 

model 7 starting alignment with public logits... 
model 7 done alignment
model 7 starting training with private data... 
model 7 done private training. 

model 8 starting alignment with public logits... 
model 8 done alignment
model 8 starting training with private data... 
model 8 done private training. 

model 9 starting alignment with public logits... 
model 9 done alignment
model 9 starting training with private data... 
model 9 done private training. 

model 10 starting alignment with public logits... 
model 10 done alignment
model 10 starting training with private data... 
model 10 done private training. 

model 11 starting alignment with public logits... 
model 11 done alignment
model 11 starting training with private data... 
model 11 done private training. 

model 12 starting alignment with public logits... 
model 12 done alignment
model 12 starting training with private data... 
model 12 done private training. 

model 13 starting alignment with public logits... 
model 13 done alignment
model 13 starting training with private data... 
model 13 done private training. 

model 14 starting alignment with public logits... 
model 14 done alignment
model 14 starting training with private data... 
model 14 done private training. 

model 15 starting alignment with public logits... 
model 15 done alignment
model 15 starting training with private data... 
model 15 done private training. 

model 16 starting alignment with public logits... 
model 16 done alignment
model 16 starting training with private data... 
model 16 done private training. 

model 17 starting alignment with public logits... 
model 17 done alignment
model 17 starting training with private data... 
model 17 done private training. 

model 18 starting alignment with public logits... 
model 18 done alignment
model 18 starting training with private data... 
model 18 done private training. 

model 19 starting alignment with public logits... 
model 19 done alignment
model 19 starting training with private data... 
model 19 done private training. 

round  10
update logits ... 
test performance ... 
0.006448412698412698
0.5024801587301587
0.0
0.0
0.022817460317460316
0.02132936507936508
0.0
0.0
0.0
0.0
0.0
0.0
0.0
0.46130952380952384
0.0
0.0
0.0
0.014384920634920634
0.0
0.0
updates models ...
model 0 starting alignment with public logits... 
model 0 done alignment
model 0 starting training with private data... 
model 0 done private training. 

model 1 starting alignment with public logits... 
model 1 done alignment
model 1 starting training with private data... 
model 1 done private training. 

model 2 starting alignment with public logits... 
model 2 done alignment
model 2 starting training with private data... 
model 2 done private training. 

model 3 starting alignment with public logits... 
model 3 done alignment
model 3 starting training with private data... 
model 3 done private training. 

model 4 starting alignment with public logits... 
model 4 done alignment
model 4 starting training with private data... 
model 4 done private training. 

model 5 starting alignment with public logits... 
model 5 done alignment
model 5 starting training with private data... 
model 5 done private training. 

model 6 starting alignment with public logits... 
model 6 done alignment
model 6 starting training with private data... 
model 6 done private training. 

model 7 starting alignment with public logits... 
model 7 done alignment
model 7 starting training with private data... 
model 7 done private training. 

model 8 starting alignment with public logits... 
model 8 done alignment
model 8 starting training with private data... 
model 8 done private training. 

model 9 starting alignment with public logits... 
model 9 done alignment
model 9 starting training with private data... 
model 9 done private training. 

model 10 starting alignment with public logits... 
model 10 done alignment
model 10 starting training with private data... 
model 10 done private training. 

model 11 starting alignment with public logits... 
model 11 done alignment
model 11 starting training with private data... 
model 11 done private training. 

model 12 starting alignment with public logits... 
model 12 done alignment
model 12 starting training with private data... 
model 12 done private training. 

model 13 starting alignment with public logits... 
model 13 done alignment
model 13 starting training with private data... 
model 13 done private training. 

model 14 starting alignment with public logits... 
model 14 done alignment
model 14 starting training with private data... 
model 14 done private training. 

model 15 starting alignment with public logits... 
model 15 done alignment
model 15 starting training with private data... 
model 15 done private training. 

model 16 starting alignment with public logits... 
model 16 done alignment
model 16 starting training with private data... 
model 16 done private training. 

model 17 starting alignment with public logits... 
model 17 done alignment
model 17 starting training with private data... 
model 17 done private training. 

model 18 starting alignment with public logits... 
model 18 done alignment
model 18 starting training with private data... 
model 18 done private training. 

model 19 starting alignment with public logits... 
model 19 done alignment
model 19 starting training with private data... 
model 19 done private training. 

round  11
update logits ... 
test performance ... 
0.0
0.4826388888888889
0.0
0.0
0.0
0.12648809523809523
0.0
0.0
0.0
0.0
0.0
0.0
0.0
0.46825396825396826
0.0
0.0
0.0
0.01240079365079365
0.0
0.0
updates models ...
model 0 starting alignment with public logits... 
model 0 done alignment
model 0 starting training with private data... 
model 0 done private training. 

model 1 starting alignment with public logits... 
model 1 done alignment
model 1 starting training with private data... 
model 1 done private training. 

model 2 starting alignment with public logits... 
model 2 done alignment
model 2 starting training with private data... 
model 2 done private training. 

model 3 starting alignment with public logits... 
model 3 done alignment
model 3 starting training with private data... 
model 3 done private training. 

model 4 starting alignment with public logits... 
model 4 done alignment
model 4 starting training with private data... 
model 4 done private training. 

model 5 starting alignment with public logits... 
model 5 done alignment
model 5 starting training with private data... 
model 5 done private training. 

model 6 starting alignment with public logits... 
model 6 done alignment
model 6 starting training with private data... 
model 6 done private training. 

model 7 starting alignment with public logits... 
model 7 done alignment
model 7 starting training with private data... 
model 7 done private training. 

model 8 starting alignment with public logits... 
model 8 done alignment
model 8 starting training with private data... 
model 8 done private training. 

model 9 starting alignment with public logits... 
model 9 done alignment
model 9 starting training with private data... 
model 9 done private training. 

model 10 starting alignment with public logits... 
model 10 done alignment
model 10 starting training with private data... 
model 10 done private training. 

model 11 starting alignment with public logits... 
model 11 done alignment
model 11 starting training with private data... 
model 11 done private training. 

model 12 starting alignment with public logits... 
model 12 done alignment
model 12 starting training with private data... 
model 12 done private training. 

model 13 starting alignment with public logits... 
model 13 done alignment
model 13 starting training with private data... 
model 13 done private training. 

model 14 starting alignment with public logits... 
model 14 done alignment
model 14 starting training with private data... 
model 14 done private training. 

model 15 starting alignment with public logits... 
model 15 done alignment
model 15 starting training with private data... 
model 15 done private training. 

model 16 starting alignment with public logits... 
model 16 done alignment
model 16 starting training with private data... 
model 16 done private training. 

model 17 starting alignment with public logits... 
model 17 done alignment
model 17 starting training with private data... 
model 17 done private training. 

model 18 starting alignment with public logits... 
model 18 done alignment
model 18 starting training with private data... 
model 18 done private training. 

model 19 starting alignment with public logits... 
model 19 done alignment
model 19 starting training with private data... 
model 19 done private training. 

round  12
update logits ... 
test performance ... 
0.00248015873015873
0.46825396825396826
0.0
0.0
0.005952380952380952
0.23660714285714285
0.0
0.0
0.0
0.0
0.0
0.0
0.0
0.4623015873015873
0.0
0.0
0.0
0.03521825396825397
0.0
0.0
updates models ...
model 0 starting alignment with public logits... 
model 0 done alignment
model 0 starting training with private data... 
model 0 done private training. 

model 1 starting alignment with public logits... 
model 1 done alignment
model 1 starting training with private data... 
model 1 done private training. 

model 2 starting alignment with public logits... 
model 2 done alignment
model 2 starting training with private data... 
model 2 done private training. 

model 3 starting alignment with public logits... 
model 3 done alignment
model 3 starting training with private data... 
model 3 done private training. 

model 4 starting alignment with public logits... 
model 4 done alignment
model 4 starting training with private data... 
model 4 done private training. 

model 5 starting alignment with public logits... 
model 5 done alignment
model 5 starting training with private data... 
model 5 done private training. 

model 6 starting alignment with public logits... 
model 6 done alignment
model 6 starting training with private data... 
model 6 done private training. 

model 7 starting alignment with public logits... 
model 7 done alignment
model 7 starting training with private data... 
model 7 done private training. 

model 8 starting alignment with public logits... 
model 8 done alignment
model 8 starting training with private data... 
model 8 done private training. 

model 9 starting alignment with public logits... 
model 9 done alignment
model 9 starting training with private data... 
model 9 done private training. 

model 10 starting alignment with public logits... 
model 10 done alignment
model 10 starting training with private data... 
model 10 done private training. 

model 11 starting alignment with public logits... 
model 11 done alignment
model 11 starting training with private data... 
model 11 done private training. 

model 12 starting alignment with public logits... 
model 12 done alignment
model 12 starting training with private data... 
model 12 done private training. 

model 13 starting alignment with public logits... 
model 13 done alignment
model 13 starting training with private data... 
model 13 done private training. 

model 14 starting alignment with public logits... 
model 14 done alignment
model 14 starting training with private data... 
model 14 done private training. 

model 15 starting alignment with public logits... 
model 15 done alignment
model 15 starting training with private data... 
model 15 done private training. 

model 16 starting alignment with public logits... 
model 16 done alignment
model 16 starting training with private data... 
model 16 done private training. 

model 17 starting alignment with public logits... 
model 17 done alignment
model 17 starting training with private data... 
model 17 done private training. 

model 18 starting alignment with public logits... 
model 18 done alignment
model 18 starting training with private data... 
model 18 done private training. 

model 19 starting alignment with public logits... 
model 19 done alignment
model 19 starting training with private data... 
model 19 done private training. 

round  13
update logits ... 
test performance ... 
0.000992063492063492
0.47023809523809523
0.0
0.0
0.001488095238095238
0.034722222222222224
0.0
0.0
0.0
0.0
0.0
0.0
0.0
0.4836309523809524
0.0
0.0
0.0
0.08928571428571429
0.0
0.0
updates models ...
model 0 starting alignment with public logits... 
model 0 done alignment
model 0 starting training with private data... 
model 0 done private training. 

model 1 starting alignment with public logits... 
model 1 done alignment
model 1 starting training with private data... 
model 1 done private training. 

model 2 starting alignment with public logits... 
model 2 done alignment
model 2 starting training with private data... 
model 2 done private training. 

model 3 starting alignment with public logits... 
model 3 done alignment
model 3 starting training with private data... 
model 3 done private training. 

model 4 starting alignment with public logits... 
model 4 done alignment
model 4 starting training with private data... 
model 4 done private training. 

model 5 starting alignment with public logits... 
model 5 done alignment
model 5 starting training with private data... 
model 5 done private training. 

model 6 starting alignment with public logits... 
model 6 done alignment
model 6 starting training with private data... 
model 6 done private training. 

model 7 starting alignment with public logits... 
model 7 done alignment
model 7 starting training with private data... 
model 7 done private training. 

model 8 starting alignment with public logits... 
model 8 done alignment
model 8 starting training with private data... 
model 8 done private training. 

model 9 starting alignment with public logits... 
model 9 done alignment
model 9 starting training with private data... 
model 9 done private training. 

model 10 starting alignment with public logits... 
model 10 done alignment
model 10 starting training with private data... 
model 10 done private training. 

model 11 starting alignment with public logits... 
model 11 done alignment
model 11 starting training with private data... 
model 11 done private training. 

model 12 starting alignment with public logits... 
model 12 done alignment
model 12 starting training with private data... 
model 12 done private training. 

model 13 starting alignment with public logits... 
model 13 done alignment
model 13 starting training with private data... 
model 13 done private training. 

model 14 starting alignment with public logits... 
model 14 done alignment
model 14 starting training with private data... 
model 14 done private training. 

model 15 starting alignment with public logits... 
model 15 done alignment
model 15 starting training with private data... 
model 15 done private training. 

model 16 starting alignment with public logits... 
model 16 done alignment
model 16 starting training with private data... 
model 16 done private training. 

model 17 starting alignment with public logits... 
model 17 done alignment
model 17 starting training with private data... 
model 17 done private training. 

model 18 starting alignment with public logits... 
model 18 done alignment
model 18 starting training with private data... 
model 18 done private training. 

model 19 starting alignment with public logits... 
model 19 done alignment
model 19 starting training with private data... 
model 19 done private training. 

round  14
update logits ... 
test performance ... 
0.00248015873015873
0.40228174603174605
0.0
0.0
0.001984126984126984
0.4494047619047619
0.0
0.0
0.0
0.0
0.0
0.0
0.0
0.4836309523809524
0.0
0.0
0.0
0.007936507936507936
0.0
0.0
updates models ...
model 0 starting alignment with public logits... 
model 0 done alignment
model 0 starting training with private data... 
model 0 done private training. 

model 1 starting alignment with public logits... 
model 1 done alignment
model 1 starting training with private data... 
model 1 done private training. 

model 2 starting alignment with public logits... 
model 2 done alignment
model 2 starting training with private data... 
model 2 done private training. 

model 3 starting alignment with public logits... 
model 3 done alignment
model 3 starting training with private data... 
model 3 done private training. 

model 4 starting alignment with public logits... 
model 4 done alignment
model 4 starting training with private data... 
model 4 done private training. 

model 5 starting alignment with public logits... 
model 5 done alignment
model 5 starting training with private data... 
model 5 done private training. 

model 6 starting alignment with public logits... 
model 6 done alignment
model 6 starting training with private data... 
model 6 done private training. 

model 7 starting alignment with public logits... 
model 7 done alignment
model 7 starting training with private data... 
model 7 done private training. 

model 8 starting alignment with public logits... 
model 8 done alignment
model 8 starting training with private data... 
model 8 done private training. 

model 9 starting alignment with public logits... 
model 9 done alignment
model 9 starting training with private data... 
model 9 done private training. 

model 10 starting alignment with public logits... 
model 10 done alignment
model 10 starting training with private data... 
model 10 done private training. 

model 11 starting alignment with public logits... 
model 11 done alignment
model 11 starting training with private data... 
model 11 done private training. 

model 12 starting alignment with public logits... 
model 12 done alignment
model 12 starting training with private data... 
model 12 done private training. 

model 13 starting alignment with public logits... 
model 13 done alignment
model 13 starting training with private data... 
model 13 done private training. 

model 14 starting alignment with public logits... 
model 14 done alignment
model 14 starting training with private data... 
model 14 done private training. 

model 15 starting alignment with public logits... 
model 15 done alignment
model 15 starting training with private data... 
model 15 done private training. 

model 16 starting alignment with public logits... 
model 16 done alignment
model 16 starting training with private data... 
model 16 done private training. 

model 17 starting alignment with public logits... 
model 17 done alignment
model 17 starting training with private data... 
model 17 done private training. 

model 18 starting alignment with public logits... 
model 18 done alignment
model 18 starting training with private data... 
model 18 done private training. 

model 19 starting alignment with public logits... 
model 19 done alignment
model 19 starting training with private data... 
model 19 done private training. 

round  15
update logits ... 
test performance ... 
0.011904761904761904
0.45188492063492064
0.0
0.0
0.0
0.341765873015873
0.0
0.0
0.0
0.0
0.0
0.0
0.0
0.02976190476190476
0.0
0.0
0.0
0.0
0.0
0.0
updates models ...
model 0 starting alignment with public logits... 
model 0 done alignment
model 0 starting training with private data... 
model 0 done private training. 

model 1 starting alignment with public logits... 
model 1 done alignment
model 1 starting training with private data... 
model 1 done private training. 

model 2 starting alignment with public logits... 
model 2 done alignment
model 2 starting training with private data... 
model 2 done private training. 

model 3 starting alignment with public logits... 
model 3 done alignment
model 3 starting training with private data... 
model 3 done private training. 

model 4 starting alignment with public logits... 
model 4 done alignment
model 4 starting training with private data... 
model 4 done private training. 

model 5 starting alignment with public logits... 
model 5 done alignment
model 5 starting training with private data... 
model 5 done private training. 

model 6 starting alignment with public logits... 
model 6 done alignment
model 6 starting training with private data... 
model 6 done private training. 

model 7 starting alignment with public logits... 
model 7 done alignment
model 7 starting training with private data... 
model 7 done private training. 

model 8 starting alignment with public logits... 
model 8 done alignment
model 8 starting training with private data... 
model 8 done private training. 

model 9 starting alignment with public logits... 
model 9 done alignment
model 9 starting training with private data... 
model 9 done private training. 

model 10 starting alignment with public logits... 
model 10 done alignment
model 10 starting training with private data... 
model 10 done private training. 

model 11 starting alignment with public logits... 
model 11 done alignment
model 11 starting training with private data... 
model 11 done private training. 

model 12 starting alignment with public logits... 
model 12 done alignment
model 12 starting training with private data... 
model 12 done private training. 

model 13 starting alignment with public logits... 
model 13 done alignment
model 13 starting training with private data... 
model 13 done private training. 

model 14 starting alignment with public logits... 
model 14 done alignment
model 14 starting training with private data... 
model 14 done private training. 

model 15 starting alignment with public logits... 
model 15 done alignment
model 15 starting training with private data... 
model 15 done private training. 

model 16 starting alignment with public logits... 
model 16 done alignment
model 16 starting training with private data... 
model 16 done private training. 

model 17 starting alignment with public logits... 
model 17 done alignment
model 17 starting training with private data... 
model 17 done private training. 

model 18 starting alignment with public logits... 
model 18 done alignment
model 18 starting training with private data... 
model 18 done private training. 

model 19 starting alignment with public logits... 
model 19 done alignment
model 19 starting training with private data... 
model 19 done private training. 

round  16
update logits ... 
test performance ... 
0.000992063492063492
0.25595238095238093
0.0
0.0
0.001488095238095238
0.033234126984126984
0.0
0.0
0.0
0.0
0.0
0.0
0.0
0.4677579365079365
0.0
0.0
0.0
0.0
0.0
0.0
updates models ...
model 0 starting alignment with public logits... 
model 0 done alignment
model 0 starting training with private data... 
model 0 done private training. 

model 1 starting alignment with public logits... 
model 1 done alignment
model 1 starting training with private data... 
model 1 done private training. 

model 2 starting alignment with public logits... 
model 2 done alignment
model 2 starting training with private data... 
model 2 done private training. 

model 3 starting alignment with public logits... 
model 3 done alignment
model 3 starting training with private data... 
model 3 done private training. 

model 4 starting alignment with public logits... 
model 4 done alignment
model 4 starting training with private data... 
model 4 done private training. 

model 5 starting alignment with public logits... 
model 5 done alignment
model 5 starting training with private data... 
model 5 done private training. 

model 6 starting alignment with public logits... 
model 6 done alignment
model 6 starting training with private data... 
model 6 done private training. 

model 7 starting alignment with public logits... 
model 7 done alignment
model 7 starting training with private data... 
model 7 done private training. 

model 8 starting alignment with public logits... 
model 8 done alignment
model 8 starting training with private data... 
model 8 done private training. 

model 9 starting alignment with public logits... 
model 9 done alignment
model 9 starting training with private data... 
model 9 done private training. 

model 10 starting alignment with public logits... 
model 10 done alignment
model 10 starting training with private data... 
model 10 done private training. 

model 11 starting alignment with public logits... 
model 11 done alignment
model 11 starting training with private data... 
model 11 done private training. 

model 12 starting alignment with public logits... 
model 12 done alignment
model 12 starting training with private data... 
model 12 done private training. 

model 13 starting alignment with public logits... 
model 13 done alignment
model 13 starting training with private data... 
model 13 done private training. 

model 14 starting alignment with public logits... 
model 14 done alignment
model 14 starting training with private data... 
model 14 done private training. 

model 15 starting alignment with public logits... 
model 15 done alignment
model 15 starting training with private data... 
model 15 done private training. 

model 16 starting alignment with public logits... 
model 16 done alignment
model 16 starting training with private data... 
model 16 done private training. 

model 17 starting alignment with public logits... 
model 17 done alignment
model 17 starting training with private data... 
model 17 done private training. 

model 18 starting alignment with public logits... 
model 18 done alignment
model 18 starting training with private data... 
model 18 done private training. 

model 19 starting alignment with public logits... 
model 19 done alignment
model 19 starting training with private data... 
model 19 done private training. 

round  17
update logits ... 
test performance ... 
0.043154761904761904
0.009424603174603174
0.0
0.0
0.000496031746031746
0.08234126984126984
0.0
0.0
0.0
0.0
0.0
0.0
0.0
0.034722222222222224
0.0
0.0
0.0
0.0
0.0
0.0
updates models ...
model 0 starting alignment with public logits... 
model 0 done alignment
model 0 starting training with private data... 
model 0 done private training. 

model 1 starting alignment with public logits... 
model 1 done alignment
model 1 starting training with private data... 
model 1 done private training. 

model 2 starting alignment with public logits... 
model 2 done alignment
model 2 starting training with private data... 
model 2 done private training. 

model 3 starting alignment with public logits... 
model 3 done alignment
model 3 starting training with private data... 
model 3 done private training. 

model 4 starting alignment with public logits... 
model 4 done alignment
model 4 starting training with private data... 
model 4 done private training. 

model 5 starting alignment with public logits... 
model 5 done alignment
model 5 starting training with private data... 
model 5 done private training. 

model 6 starting alignment with public logits... 
model 6 done alignment
model 6 starting training with private data... 
model 6 done private training. 

model 7 starting alignment with public logits... 
model 7 done alignment
model 7 starting training with private data... 
model 7 done private training. 

model 8 starting alignment with public logits... 
model 8 done alignment
model 8 starting training with private data... 
model 8 done private training. 

model 9 starting alignment with public logits... 
model 9 done alignment
model 9 starting training with private data... 
model 9 done private training. 

model 10 starting alignment with public logits... 
model 10 done alignment
model 10 starting training with private data... 
model 10 done private training. 

model 11 starting alignment with public logits... 
model 11 done alignment
model 11 starting training with private data... 
model 11 done private training. 

model 12 starting alignment with public logits... 
model 12 done alignment
model 12 starting training with private data... 
model 12 done private training. 

model 13 starting alignment with public logits... 
model 13 done alignment
model 13 starting training with private data... 
model 13 done private training. 

model 14 starting alignment with public logits... 
model 14 done alignment
model 14 starting training with private data... 
model 14 done private training. 

model 15 starting alignment with public logits... 
model 15 done alignment
model 15 starting training with private data... 
model 15 done private training. 

model 16 starting alignment with public logits... 
model 16 done alignment
model 16 starting training with private data... 
model 16 done private training. 

model 17 starting alignment with public logits... 
model 17 done alignment
model 17 starting training with private data... 
model 17 done private training. 

model 18 starting alignment with public logits... 
model 18 done alignment
model 18 starting training with private data... 
model 18 done private training. 

model 19 starting alignment with public logits... 
model 19 done alignment
model 19 starting training with private data... 
model 19 done private training. 

round  18
update logits ... 
test performance ... 
0.01636904761904762
0.23511904761904762
0.0
0.0
0.000496031746031746
0.06944444444444445
0.0
0.0
0.0
0.0
0.0
0.0
0.0
0.001984126984126984
0.0
0.0
0.0
0.0
0.0
0.0
updates models ...
model 0 starting alignment with public logits... 
model 0 done alignment
model 0 starting training with private data... 
model 0 done private training. 

model 1 starting alignment with public logits... 
model 1 done alignment
model 1 starting training with private data... 
model 1 done private training. 

model 2 starting alignment with public logits... 
model 2 done alignment
model 2 starting training with private data... 
model 2 done private training. 

model 3 starting alignment with public logits... 
model 3 done alignment
model 3 starting training with private data... 
model 3 done private training. 

model 4 starting alignment with public logits... 
model 4 done alignment
model 4 starting training with private data... 
model 4 done private training. 

model 5 starting alignment with public logits... 
model 5 done alignment
model 5 starting training with private data... 
model 5 done private training. 

model 6 starting alignment with public logits... 
model 6 done alignment
model 6 starting training with private data... 
model 6 done private training. 

model 7 starting alignment with public logits... 
model 7 done alignment
model 7 starting training with private data... 
model 7 done private training. 

model 8 starting alignment with public logits... 
model 8 done alignment
model 8 starting training with private data... 
model 8 done private training. 

model 9 starting alignment with public logits... 
model 9 done alignment
model 9 starting training with private data... 
model 9 done private training. 

model 10 starting alignment with public logits... 
model 10 done alignment
model 10 starting training with private data... 
model 10 done private training. 

model 11 starting alignment with public logits... 
model 11 done alignment
model 11 starting training with private data... 
model 11 done private training. 

model 12 starting alignment with public logits... 
model 12 done alignment
model 12 starting training with private data... 
model 12 done private training. 

model 13 starting alignment with public logits... 
model 13 done alignment
model 13 starting training with private data... 
model 13 done private training. 

model 14 starting alignment with public logits... 
model 14 done alignment
model 14 starting training with private data... 
model 14 done private training. 

model 15 starting alignment with public logits... 
model 15 done alignment
model 15 starting training with private data... 
model 15 done private training. 

model 16 starting alignment with public logits... 
model 16 done alignment
model 16 starting training with private data... 
model 16 done private training. 

model 17 starting alignment with public logits... 
model 17 done alignment
model 17 starting training with private data... 
model 17 done private training. 

model 18 starting alignment with public logits... 
model 18 done alignment
model 18 starting training with private data... 
model 18 done private training. 

model 19 starting alignment with public logits... 
model 19 done alignment
model 19 starting training with private data... 
model 19 done private training. 

round  19
update logits ... 
test performance ... 
0.039186507936507936
0.41964285714285715
0.0
0.0
0.0
0.2767857142857143
0.0
0.0
0.0
0.0
0.0
0.0
0.0
0.15823412698412698
0.0
0.0
0.0
0.0
0.0
0.0
updates models ...
model 0 starting alignment with public logits... 
model 0 done alignment
model 0 starting training with private data... 
model 0 done private training. 

model 1 starting alignment with public logits... 
model 1 done alignment
model 1 starting training with private data... 
model 1 done private training. 

model 2 starting alignment with public logits... 
model 2 done alignment
model 2 starting training with private data... 
model 2 done private training. 

model 3 starting alignment with public logits... 
model 3 done alignment
model 3 starting training with private data... 
model 3 done private training. 

model 4 starting alignment with public logits... 
model 4 done alignment
model 4 starting training with private data... 
model 4 done private training. 

model 5 starting alignment with public logits... 
model 5 done alignment
model 5 starting training with private data... 
model 5 done private training. 

model 6 starting alignment with public logits... 
model 6 done alignment
model 6 starting training with private data... 
model 6 done private training. 

model 7 starting alignment with public logits... 
model 7 done alignment
model 7 starting training with private data... 
model 7 done private training. 

model 8 starting alignment with public logits... 
model 8 done alignment
model 8 starting training with private data... 
model 8 done private training. 

model 9 starting alignment with public logits... 
model 9 done alignment
model 9 starting training with private data... 
model 9 done private training. 

model 10 starting alignment with public logits... 
model 10 done alignment
model 10 starting training with private data... 
model 10 done private training. 

model 11 starting alignment with public logits... 
model 11 done alignment
model 11 starting training with private data... 
model 11 done private training. 

model 12 starting alignment with public logits... 
model 12 done alignment
model 12 starting training with private data... 
model 12 done private training. 

model 13 starting alignment with public logits... 
model 13 done alignment
model 13 starting training with private data... 
model 13 done private training. 

model 14 starting alignment with public logits... 
model 14 done alignment
model 14 starting training with private data... 
model 14 done private training. 

model 15 starting alignment with public logits... 
model 15 done alignment
model 15 starting training with private data... 
model 15 done private training. 

model 16 starting alignment with public logits... 
model 16 done alignment
model 16 starting training with private data... 
model 16 done private training. 

model 17 starting alignment with public logits... 
model 17 done alignment
model 17 starting training with private data... 
model 17 done private training. 

model 18 starting alignment with public logits... 
model 18 done alignment
model 18 starting training with private data... 
model 18 done private training. 

model 19 starting alignment with public logits... 
model 19 done alignment
model 19 starting training with private data... 
model 19 done private training. 

round  20
update logits ... 
logits_shape:
(5000, 20)
private_test_data["y1"]: [11, 11, 11, 11, 18, 11, 18, 18, 18, 11, 11, 18, 18, 18, 18, 11, 11, 18, 11, 18, 11, 18, 11, 18, 11, 18, 18, 18, 18, 11, 11, 11, 18, 11, 11, 11, 11, 11, 11, 11, 11, 11, 11, 18, 11, 11, 18, 11, 18, 11, 11, 18, 18, 11, 18, 18, 18, 18, 11, 18, 11, 11, 18, 18, 18, 11, 11, 18, 11, 11, 11, 11, 18, 18, 11, 18, 11, 11, 11, 11, 18, 18, 18, 18, 11, 11, 18, 18, 11, 11, 18, 18, 18, 11, 18, 11, 11, 18, 11, 18, 11, 11, 18, 18, 18, 18, 18, 18, 11, 11, 11, 11, 11, 11, 18, 18, 18, 11, 11, 18, 11, 11, 18, 18, 18, 18, 18, 11, 11, 11, 11, 18, 18, 18, 18, 18, 18, 18, 11, 18, 11, 11, 18, 11, 11, 18, 11, 11, 18, 18, 18, 11, 18, 18, 18, 11, 11, 18, 11, 11, 11, 11, 18, 18, 11, 18, 18, 11, 18, 11, 11, 18, 11, 11, 18, 11, 18, 11, 11, 11, 11, 11, 11, 11, 18, 11, 11, 18, 11, 18, 18, 18, 11, 18, 11, 11, 18, 11, 18, 18, 11, 18, 18, 18, 11, 11, 11, 11, 18, 11, 11, 18, 18, 11, 11, 18, 11, 11, 18, 18, 18, 11, 18, 11, 11, 18, 18, 18, 18, 18, 18, 11, 11, 18, 11, 18, 11, 11, 11, 11, 11, 11, 18, 18, 18, 18, 18, 11, 11, 18, 18, 18, 11, 11, 18, 18, 18, 11, 18, 18, 18, 18, 18, 18, 18, 11, 11, 11, 18, 18, 11, 11, 11, 11, 18, 11, 11, 18, 11, 11, 11, 18, 18, 11, 18, 18, 11, 11, 11, 11, 11, 11, 18, 11, 11, 18, 18, 18, 11, 11, 11, 11, 18, 11, 18, 18, 18, 18, 18, 11, 11, 18, 11, 18, 11, 11, 18, 18, 18, 18, 11, 18, 18, 11, 11, 11, 18, 11, 11, 18, 18, 18, 11, 11, 11, 11, 18, 18, 11, 18, 18, 11, 18, 18, 18, 11, 18, 11, 11, 18, 18, 18, 11, 18, 11, 18, 11, 18, 11, 11, 11, 11, 18, 18, 11, 18, 18, 11, 11, 18, 11, 11, 11, 18, 11, 11, 18, 11, 18, 11, 18, 11, 11, 18, 11, 18, 18, 18, 18, 18, 18, 18, 18, 11, 11, 11, 11, 18, 11, 18, 18, 11, 11, 18, 11, 11, 18, 11, 18, 18, 11, 18, 11, 11, 18, 18, 18, 11, 11, 11, 11, 11, 11, 18, 18, 18, 11, 11, 18, 11, 11, 11, 11, 18, 11, 18, 11, 11, 18, 11, 11, 18, 18, 18, 18, 18, 18, 11, 11, 18, 18, 11, 18, 18, 18, 11, 11, 18, 11, 18, 18, 18, 18, 11, 18, 18, 11, 18, 11, 11, 18, 18, 11, 18, 11, 18, 18, 18, 11, 18, 11, 11, 11, 18, 11, 11, 18, 18, 11, 11, 11, 18, 18, 18, 11, 18, 18, 11, 11, 18, 18, 18, 11, 18, 11, 11, 11, 18, 11, 18, 11, 18, 18, 11, 11, 18, 11, 18, 11, 18, 11, 18, 18, 18, 11, 18, 11, 11, 18, 18, 11, 11, 11, 11, 18, 11, 18, 18, 11, 11, 11, 18, 18, 11, 18, 11, 11, 11, 18, 18, 11, 18, 18, 11, 11, 11, 18, 11, 18, 11, 18, 18, 18, 18, 11, 18, 11, 18, 18, 18, 11, 11, 18, 11, 18, 11, 11, 11, 18, 11, 11, 11, 18, 18, 18, 11, 11, 11, 11, 11, 11, 11, 18, 11, 11, 18, 18, 18, 11, 18, 18, 18, 18, 11, 11, 11, 11, 18, 18, 18, 11, 11, 18, 18, 18, 18, 18, 18, 11, 11, 11, 18, 11, 18, 11, 18, 18, 18, 11, 18, 18, 18, 18, 18, 11, 18, 11, 11, 11, 18, 18, 11, 18, 18, 18, 18, 11, 18, 11, 18, 18, 11, 11, 11, 18, 18, 11, 18, 18, 18, 11, 18, 18, 11, 18, 11, 18, 11, 18, 11, 18, 11, 18, 11, 18, 18, 18, 18, 11, 18, 18, 18, 11, 18, 18, 11, 18, 18, 18, 11, 11, 18, 11, 18, 18, 11, 18, 11, 18, 18, 18, 18, 11, 11, 11, 18, 11, 18, 18, 18, 18, 11, 11, 18, 18, 18, 11, 11, 18, 18, 11, 11, 18, 11, 18, 11, 18, 18, 11, 11, 11, 18, 18, 11, 18, 11, 18, 18, 18, 11, 11, 18, 18, 11, 18, 18, 18, 11, 11, 18, 18, 18, 18, 18, 18, 18, 11, 11, 11, 18, 11, 18, 18, 18, 18, 18, 18, 18, 11, 18, 18, 11, 11, 11, 11, 18, 18, 11, 11, 11, 18, 18, 18, 11, 11, 11, 18, 11, 11, 11, 18, 18, 18, 18, 11, 11, 11, 18, 11, 11, 18, 11, 18, 11, 11, 11, 11, 18, 18, 18, 11, 18, 11, 18, 11, 11, 18, 18, 11, 11, 11, 11, 18, 18, 18, 18, 18, 18, 18, 18, 18, 18, 11, 11, 11, 11, 18, 18, 11, 18, 11, 11, 11, 18, 18, 11, 18, 11, 18, 11, 18, 18, 11, 18, 11, 18, 18, 18, 18, 11, 18, 18, 18, 18, 11, 18, 18, 18, 18, 11, 18, 18, 18, 11, 11, 18, 18, 11, 18, 18, 18, 11, 11, 18, 11, 11, 18, 11, 18, 11, 11, 18, 18, 18, 11, 18, 11, 18, 11, 18, 11, 18, 18, 11, 11, 11, 11, 11, 18, 11, 11, 11, 18, 18, 11, 18, 11, 18, 11, 11, 11, 11, 18, 18, 11, 18, 18, 11, 11, 18, 18, 11, 11, 18, 11, 18, 18, 11, 11, 11, 18, 11, 11, 18, 18, 11, 18, 18, 18, 11, 11, 18, 18, 11, 11, 18, 18, 18, 18, 11, 11, 18, 18, 11, 11, 11, 18, 18, 11, 11, 18, 18, 18, 18, 11, 18, 18, 18, 18, 11, 18, 11, 11, 18, 18, 18, 18, 18, 11, 18, 18, 18, 11, 18, 18, 18, 11, 18, 18, 18, 11, 11, 11, 18, 18, 11, 11, 18, 11, 11, 11, 11, 18, 18, 11, 11, 18, 18, 18, 18, 11, 11, 18, 11, 18, 18, 18, 18, 11, 18, 11, 11, 18, 11, 18, 18, 11, 11, 11, 18, 11, 11, 18, 11, 18, 11, 18, 11, 11, 18, 11, 11, 18, 11, 11, 11, 11, 18, 11, 18, 18, 18, 18, 18, 18, 18, 18, 18, 18, 18, 11, 18, 18, 18, 18, 18, 18, 11, 11, 18, 11, 11, 18, 18, 11, 18, 11, 11, 11, 11, 11, 11, 11, 18, 11, 18, 11, 18, 11, 18, 11, 11, 18, 18, 11, 11, 18, 11, 11, 11, 11, 18, 11, 11, 11, 18, 18, 11, 11, 11, 11, 18, 18, 11, 18, 11, 18, 18, 18, 11, 11, 18, 18, 11, 11, 11, 11, 18, 11, 11, 11, 18, 11, 18, 18, 11, 18, 18, 11, 11, 11, 18, 11, 18, 18, 11, 11, 18, 18, 18, 11, 18, 11, 11, 18, 11, 18, 11, 11, 11, 18, 18, 18, 18, 18, 11, 11, 18, 11, 18, 11, 18, 11, 11, 11, 11, 18, 11, 11, 18, 11, 11, 11, 11, 11, 18, 11, 18, 18, 18, 11, 18, 11, 11, 18, 18, 11, 18, 11, 11, 11, 11, 11, 11, 11, 11, 18, 11, 18, 18, 11, 11, 11, 18, 11, 11, 18, 18, 18, 11, 11, 11, 18, 18, 11, 18, 18, 11, 18, 18, 11, 11, 11, 11, 18, 11, 18, 18, 11, 11, 11, 18, 11, 11, 11, 11, 18, 11, 11, 18, 18, 18, 11, 11, 11, 18, 11, 11, 18, 11, 18, 11, 11, 18, 11, 11, 18, 18, 18, 11, 18, 11, 18, 11, 11, 18, 18, 11, 18, 18, 18, 11, 11, 11, 11, 11, 18, 18, 18, 18, 11, 18, 11, 18, 11, 18, 18, 11, 18, 11, 11, 18, 11, 18, 18, 18, 11, 18, 18, 18, 11, 18, 18, 18, 18, 18, 11, 18, 18, 18, 18, 11, 11, 18, 11, 11, 18, 18, 18, 18, 11, 18, 11, 11, 18, 11, 11, 11, 11, 18, 11, 18, 18, 18, 11, 18, 11, 11, 18, 11, 18, 18, 11, 11, 11, 18, 11, 18, 18, 18, 18, 11, 18, 18, 18, 18, 11, 11, 11, 11, 18, 11, 11, 18, 18, 11, 18, 11, 11, 11, 18, 11, 11, 11, 11, 18, 11, 11, 11, 18, 18, 18, 11, 18, 11, 18, 11, 11, 11, 11, 11, 11, 11, 18, 11, 18, 11, 11, 18, 11, 11, 11, 11, 11, 11, 18, 11, 11, 18, 11, 11, 18, 18, 11, 18, 11, 18, 18, 18, 11, 18, 18, 11, 11, 11, 18, 18, 18, 18, 18, 18, 11, 18, 18, 11, 18, 11, 18, 18, 18, 18, 18, 11, 11, 18, 11, 18, 18, 11, 11, 18, 11, 18, 18, 18, 11, 11, 11, 11, 18, 18, 11, 18, 11, 11, 11, 18, 11, 18, 11, 11, 11, 11, 18, 18, 11, 18, 18, 11, 18, 18, 18, 18, 11, 11, 11, 11, 11, 18, 18, 18, 11, 18, 11, 11, 11, 18, 11, 18, 11, 11, 11, 11, 11, 18, 18, 18, 11, 18, 11, 18, 11, 18, 18, 11, 11, 11, 18, 18, 18, 11, 11, 18, 11, 11, 18, 18, 18, 11, 11, 11, 18, 18, 11, 11, 18, 11, 11, 11, 11, 18, 18, 11, 18, 11, 18, 11, 11, 18, 11, 18, 11, 18, 18, 11, 18, 18, 11, 18, 18, 11, 11, 11, 18, 18, 11, 18, 18, 11, 11, 18, 18, 18, 11, 18, 18, 11, 11, 11, 18, 18, 11, 11, 18, 18, 18, 11, 11, 18, 11, 11, 11, 11, 18, 11, 11, 18, 18, 18, 11, 11, 11, 18, 11, 18, 18, 11, 11, 11, 11, 11, 11, 18, 11, 11, 18, 18, 11, 11, 18, 11, 18, 11, 18, 18, 11, 18, 11, 11, 11, 11, 18, 18, 11, 18, 18, 18, 18, 18, 11, 18, 18, 11, 18, 11, 11, 11, 11, 18, 11, 18, 11, 11, 11, 18, 18, 18, 11, 18, 11, 18, 18, 18, 18, 11, 18, 11, 11, 18, 18, 18, 11, 11, 11, 18, 18, 11, 18, 11, 11, 18, 11, 11, 11, 11, 18, 11, 18, 11, 18, 18, 11, 18, 11, 11, 11, 18, 18, 18, 11, 11, 18, 11, 18, 11, 11, 11, 11, 11, 18, 11, 11, 11, 11, 11, 18, 18, 11, 11, 11, 11, 18, 18, 11, 11, 11, 11, 18, 18, 11, 11, 11, 18, 18, 18, 11, 11, 18, 11, 18, 11, 18, 18, 11, 11, 11, 18, 18, 18, 11, 11, 11, 11, 18, 18, 18, 11, 18, 11, 18, 11, 18, 11, 11, 11, 18, 11, 18, 18, 18, 11, 18, 18, 18, 11, 11, 11, 18, 11, 11, 18, 18, 11, 18, 11, 18, 11, 11, 18, 18, 11, 11, 11, 11, 18, 18, 18, 18, 11, 11, 18, 11, 18, 18, 18, 18, 18, 18, 18, 11, 18, 11, 18, 18, 18, 11, 18, 18, 18, 11, 11, 18, 11, 18, 18, 18, 11, 11, 11, 18, 18, 11, 18, 11, 18, 18, 11, 11, 18, 18, 11, 11, 18, 11, 11, 11, 11, 18, 11, 18, 18, 18, 18, 11, 11, 11, 18, 11, 18, 11, 11, 18, 11, 18, 11, 11, 18, 18, 18, 11, 11, 18, 18, 18, 11, 18, 18, 11, 11, 18, 18, 11, 11, 18, 18, 11, 11, 11, 18, 11, 11, 11, 18, 11, 18, 11, 18, 11, 11, 11, 18, 18, 18, 11, 18, 11, 11, 18, 11, 11, 11, 18, 11, 11, 18, 18, 18, 18, 18, 18, 11, 11, 11, 18, 11, 11, 18, 11, 11, 18, 11, 18, 18, 18, 11, 18, 11, 18, 18, 18, 11, 18, 11, 11, 18, 11, 11, 18, 11, 18, 18, 11, 11, 11, 18, 11, 11, 18, 18, 18, 18, 18, 11, 18, 11, 11, 11, 18, 11, 11, 18, 18, 18, 11, 18, 18, 11, 11, 18, 11]
private_test_data["y2"]: [14, 14, 14, 14, 10, 14, 10, 10, 14, 14, 14, 10, 10, 14, 10, 10, 10, 14, 14, 10, 10, 10, 10, 14, 14, 10, 10, 10, 14, 14, 14, 10, 14, 10, 14, 14, 10, 10, 10, 14, 14, 10, 14, 10, 14, 14, 10, 10, 10, 14, 14, 14, 10, 14, 10, 10, 10, 10, 14, 10, 10, 14, 10, 10, 14, 14, 14, 14, 10, 14, 10, 14, 10, 14, 10, 14, 14, 10, 14, 10, 14, 10, 14, 10, 14, 10, 10, 14, 14, 10, 14, 14, 14, 14, 14, 14, 14, 10, 10, 10, 10, 14, 10, 10, 14, 10, 14, 14, 10, 10, 14, 10, 10, 14, 14, 10, 14, 14, 14, 10, 10, 14, 14, 10, 14, 10, 14, 10, 14, 10, 10, 10, 10, 14, 10, 14, 14, 14, 14, 10, 14, 14, 14, 10, 10, 14, 10, 14, 14, 14, 10, 14, 10, 10, 10, 14, 14, 10, 14, 10, 14, 10, 10, 10, 14, 10, 10, 10, 10, 10, 14, 10, 14, 10, 14, 14, 14, 14, 14, 14, 14, 14, 14, 14, 14, 10, 10, 14, 14, 10, 14, 10, 10, 10, 14, 10, 14, 10, 10, 10, 14, 10, 14, 10, 14, 14, 14, 10, 14, 10, 10, 14, 10, 10, 10, 10, 14, 14, 10, 14, 14, 14, 10, 10, 14, 14, 14, 10, 10, 14, 10, 14, 14, 10, 14, 14, 10, 14, 14, 14, 14, 14, 14, 10, 14, 10, 14, 14, 14, 10, 14, 14, 10, 14, 14, 14, 10, 14, 14, 14, 10, 10, 10, 10, 10, 10, 14, 14, 10, 14, 14, 14, 14, 14, 10, 14, 10, 10, 14, 14, 14, 10, 10, 10, 10, 10, 10, 14, 14, 14, 14, 10, 14, 14, 14, 14, 10, 14, 14, 14, 10, 14, 14, 14, 10, 14, 10, 10, 14, 10, 14, 14, 10, 14, 10, 14, 14, 10, 10, 14, 10, 10, 10, 14, 14, 14, 10, 10, 14, 14, 10, 10, 10, 10, 14, 10, 10, 14, 10, 10, 10, 10, 14, 14, 14, 10, 14, 14, 14, 10, 10, 14, 10, 14, 14, 10, 14, 14, 14, 14, 14, 14, 10, 14, 10, 14, 14, 10, 10, 10, 10, 10, 14, 14, 10, 10, 10, 14, 14, 14, 10, 14, 10, 14, 14, 14, 10, 10, 10, 10, 14, 14, 10, 14, 14, 10, 10, 10, 14, 10, 10, 14, 10, 14, 14, 10, 10, 14, 14, 10, 14, 10, 10, 10, 10, 10, 10, 10, 10, 14, 14, 10, 14, 14, 10, 10, 10, 14, 14, 10, 14, 14, 14, 10, 10, 14, 14, 14, 14, 14, 14, 10, 14, 10, 14, 10, 14, 10, 10, 14, 14, 14, 10, 10, 10, 10, 14, 10, 14, 14, 10, 10, 14, 14, 10, 10, 14, 10, 10, 10, 14, 14, 10, 10, 10, 14, 10, 14, 14, 14, 10, 14, 10, 10, 10, 10, 10, 10, 14, 10, 14, 14, 10, 10, 14, 14, 10, 10, 14, 10, 14, 14, 14, 10, 14, 14, 14, 14, 10, 10, 10, 10, 14, 14, 14, 14, 10, 10, 14, 10, 10, 14, 10, 10, 10, 10, 14, 14, 14, 14, 14, 10, 14, 10, 10, 10, 14, 10, 10, 14, 14, 14, 14, 14, 14, 14, 10, 10, 14, 10, 10, 10, 10, 10, 10, 14, 14, 10, 14, 10, 14, 14, 10, 14, 14, 14, 14, 14, 14, 10, 10, 10, 10, 14, 14, 14, 14, 14, 10, 14, 10, 14, 14, 14, 14, 10, 14, 14, 14, 10, 10, 10, 10, 10, 10, 10, 10, 14, 10, 10, 14, 10, 14, 10, 10, 14, 14, 10, 14, 14, 14, 14, 10, 10, 10, 14, 10, 10, 14, 10, 10, 10, 10, 14, 14, 10, 14, 14, 10, 10, 10, 14, 10, 10, 14, 14, 14, 14, 10, 10, 14, 10, 14, 10, 10, 14, 10, 10, 10, 10, 14, 14, 14, 10, 14, 14, 10, 14, 10, 10, 14, 10, 14, 10, 14, 10, 14, 10, 14, 10, 10, 10, 14, 14, 14, 10, 10, 10, 14, 10, 14, 14, 10, 14, 10, 10, 10, 14, 14, 10, 10, 10, 10, 10, 10, 10, 10, 10, 14, 14, 10, 14, 14, 14, 10, 14, 10, 14, 14, 10, 10, 10, 10, 10, 14, 14, 14, 14, 10, 10, 10, 10, 14, 10, 14, 10, 14, 10, 10, 10, 10, 10, 14, 10, 10, 14, 10, 10, 10, 14, 10, 14, 14, 14, 14, 10, 10, 10, 10, 14, 14, 14, 14, 10, 14, 10, 14, 14, 14, 14, 14, 10, 14, 14, 10, 14, 14, 10, 10, 14, 10, 10, 14, 10, 10, 14, 10, 10, 14, 14, 10, 14, 14, 14, 14, 10, 10, 10, 14, 10, 10, 14, 10, 10, 14, 14, 14, 10, 14, 10, 10, 10, 14, 10, 10, 10, 10, 10, 14, 10, 10, 14, 14, 14, 14, 14, 10, 10, 14, 14, 10, 10, 10, 14, 10, 10, 10, 14, 14, 14, 10, 10, 14, 10, 14, 10, 14, 10, 14, 14, 10, 14, 14, 14, 10, 10, 10, 10, 10, 10, 10, 14, 14, 10, 10, 14, 10, 14, 14, 14, 10, 10, 10, 14, 10, 10, 10, 10, 10, 10, 10, 14, 14, 10, 14, 14, 10, 10, 14, 10, 10, 10, 14, 10, 14, 14, 10, 14, 14, 10, 14, 10, 14, 10, 14, 14, 14, 10, 14, 14, 14, 14, 14, 14, 14, 10, 14, 14, 14, 10, 14, 10, 10, 14, 10, 14, 10, 10, 14, 14, 14, 14, 14, 14, 10, 10, 14, 10, 14, 10, 10, 14, 14, 10, 10, 10, 10, 14, 14, 14, 10, 14, 14, 14, 14, 14, 10, 10, 14, 10, 10, 10, 14, 10, 14, 14, 14, 14, 14, 10, 10, 14, 10, 14, 14, 10, 10, 10, 14, 10, 10, 14, 14, 10, 14, 14, 10, 14, 10, 14, 14, 10, 10, 14, 14, 10, 14, 14, 10, 14, 14, 14, 14, 10, 10, 14, 14, 14, 10, 10, 10, 14, 14, 14, 10, 14, 14, 14, 10, 14, 10, 10, 14, 10, 14, 14, 14, 14, 10, 10, 10, 10, 10, 10, 10, 10, 14, 10, 14, 14, 10, 10, 14, 10, 10, 10, 10, 10, 10, 14, 14, 14, 14, 10, 10, 14, 14, 10, 14, 14, 14, 10, 10, 14, 14, 10, 14, 10, 14, 10, 14, 10, 14, 14, 10, 14, 10, 14, 14, 14, 14, 14, 14, 10, 14, 10, 14, 10, 14, 10, 10, 10, 14, 14, 10, 14, 10, 10, 14, 10, 14, 10, 14, 14, 14, 10, 10, 10, 10, 14, 10, 14, 14, 10, 10, 10, 14, 10, 14, 14, 10, 10, 14, 14, 14, 10, 10, 14, 14, 14, 14, 14, 14, 10, 14, 14, 10, 10, 14, 10, 10, 14, 14, 14, 14, 14, 14, 14, 14, 10, 14, 10, 14, 10, 14, 10, 10, 10, 14, 10, 14, 10, 10, 14, 10, 10, 10, 14, 14, 10, 10, 14, 14, 10, 10, 10, 14, 10, 14, 10, 14, 10, 10, 10, 10, 14, 14, 14, 10, 14, 10, 14, 10, 14, 10, 10, 14, 14, 14, 14, 14, 14, 10, 10, 10, 14, 14, 14, 10, 14, 14, 14, 14, 10, 10, 14, 14, 14, 10, 14, 10, 10, 14, 10, 10, 10, 10, 10, 10, 14, 10, 10, 14, 14, 14, 10, 14, 14, 14, 14, 10, 14, 14, 10, 10, 10, 10, 10, 10, 10, 10, 10, 10, 14, 14, 10, 14, 14, 14, 10, 14, 14, 14, 14, 14, 10, 10, 14, 10, 14, 10, 10, 14, 14, 10, 14, 14, 14, 14, 14, 10, 14, 10, 14, 10, 14, 14, 10, 10, 10, 10, 14, 10, 14, 14, 14, 14, 10, 14, 14, 14, 10, 14, 14, 14, 10, 10, 14, 14, 10, 14, 14, 14, 14, 14, 10, 10, 10, 10, 10, 14, 10, 14, 10, 14, 10, 10, 10, 14, 14, 14, 14, 14, 14, 10, 10, 10, 10, 14, 14, 14, 14, 10, 10, 10, 10, 10, 10, 10, 14, 10, 10, 10, 14, 10, 14, 10, 14, 10, 14, 14, 14, 10, 10, 10, 14, 10, 14, 10, 10, 10, 10, 10, 10, 14, 14, 14, 14, 10, 10, 10, 14, 10, 10, 14, 10, 14, 10, 10, 10, 14, 14, 10, 14, 10, 14, 14, 10, 10, 10, 14, 10, 10, 14, 10, 14, 14, 10, 14, 14, 14, 10, 10, 10, 10, 14, 10, 10, 10, 14, 14, 14, 10, 14, 10, 10, 14, 14, 10, 10, 14, 10, 10, 14, 10, 14, 10, 10, 14, 10, 10, 10, 10, 14, 10, 10, 14, 14, 14, 14, 14, 10, 10, 10, 14, 14, 10, 14, 10, 10, 10, 14, 10, 14, 10, 10, 10, 14, 10, 14, 14, 10, 14, 14, 14, 14, 14, 10, 10, 14, 10, 14, 14, 14, 14, 14, 14, 10, 14, 14, 10, 14, 10, 14, 10, 14, 14, 14, 10, 14, 14, 10, 10, 14, 10, 14, 10, 14, 14, 14, 14, 14, 14, 14, 14, 10, 14, 10, 10, 14, 10, 10, 14, 14, 14, 14, 14, 10, 14, 10, 10, 10, 10, 10, 10, 14, 14, 10, 10, 10, 14, 10, 10, 10, 14, 14, 14, 14, 14, 10, 10, 14, 14, 10, 10, 10, 10, 10, 14, 10, 14, 10, 14, 10, 10, 14, 10, 14, 10, 10, 10, 10, 10, 14, 10, 10, 14, 10, 10, 14, 14, 10, 10, 10, 14, 14, 14, 10, 14, 14, 14, 10, 14, 14, 14, 14, 10, 10, 10, 10, 14, 10, 14, 14, 14, 10, 10, 10, 10, 10, 10, 10, 14, 14, 10, 10, 10, 14, 10, 14, 10, 10, 14, 14, 10, 10, 14, 10, 10, 10, 10, 14, 14, 14, 14, 14, 14, 10, 10, 10, 10, 14, 14, 14, 10, 14, 14, 14, 10, 14, 10, 10, 14, 14, 14, 10, 14, 14, 10, 10, 14, 10, 14, 10, 14, 14, 14, 14, 14, 14, 10, 10, 10, 10, 14, 10, 14, 10, 10, 10, 10, 10, 10, 10, 14, 10, 10, 14, 10, 14, 14, 10, 10, 10, 14, 10, 14, 10, 14, 10, 10, 10, 14, 14, 14, 10, 10, 14, 14, 14, 14, 14, 14, 10, 10, 14, 14, 14, 14, 14, 10, 14, 10, 10, 14, 14, 10, 10, 14, 10, 14, 10, 14, 14, 10, 14, 10, 14, 10, 10, 10, 10, 14, 10, 10, 10, 14, 14, 10, 14, 10, 14, 14, 14, 10, 10, 14, 10, 14, 14, 10, 14, 10, 10, 10, 10, 10, 10, 10, 14, 14, 14, 14, 10, 14, 10, 10, 14, 14, 14, 10, 10, 10, 14, 14, 14, 10, 10, 14, 10, 10, 14, 10, 14, 10, 14, 14, 14, 10, 14, 14, 14, 14, 10, 10, 10, 14, 14, 14, 10, 14, 14, 10, 14, 10, 10, 10, 14, 10, 14, 14, 10, 10, 10, 10, 14, 14, 14, 14, 14, 14, 10, 14, 10, 10, 14, 14, 10, 10, 10, 10, 14, 10, 14, 10, 10, 14, 14, 10, 10, 14, 10, 10, 10, 10, 14, 10, 10, 10, 10, 10, 14, 14, 10, 10, 10, 10, 10, 14, 14, 10, 10, 14, 10, 14, 14, 10, 14, 14, 10, 14, 10, 14, 14, 14, 10, 14, 10, 14, 14, 10, 14, 10, 10, 10, 10, 10, 14, 10, 14, 14, 10, 10, 10, 10, 10, 10, 14, 10, 10, 14, 10, 10, 10, 14, 14, 10, 14, 14, 14, 14, 14, 10, 10, 14, 10, 10, 10, 10, 14, 14, 14, 14, 14, 10, 14, 14, 10, 10, 10, 14, 10, 14, 10, 10, 14, 14, 14, 14, 10, 10, 10, 10, 14, 14, 10, 14, 10, 14, 10, 14, 14, 10, 10, 14, 10, 10, 14, 14, 10, 10, 10, 14, 10, 10, 10, 14, 10, 14, 10, 14, 10, 14, 14, 10, 10, 10, 14, 14, 14, 10, 10, 10, 14, 14, 10, 10, 14, 14, 10, 10, 10, 10, 10, 14, 14, 14, 10, 10, 14]
private_data[0]['y']: [19 19 19 11 11 11]
private_data[1]['y']: [11 11 11 18 18 18]
private_data[2]['y']: [14 14 14 10 10 10]
private_data[3]['y']: [19 19 19 11 11 11]
private_data[4]['y']: [13 13 13 11 11 11]
private_data[5]['y']: [19 19 19 11 11 11]
private_data[6]['y']: [13 13 13 11 11 11]
private_data[7]['y']: [13 13 13 12 12 12]
private_data[8]['y']: [17 17 17 19 19 19]
private_data[9]['y']: [17 17 17 18 18 18]
private_data[10]['y']: [13 13 13 18 18 18]
private_data[11]['y']: [12 12 12 15 15 15]
private_data[12]['y']: [10 10 10 14 14 14]
private_data[13]['y']: [11 11 11 15 15 15]
private_data[14]['y']: [15 15 15 16 16 16]
private_data[15]['y']: [12 12 12 17 17 17]
private_data[16]['y']: [12 12 12 18 18 18]
private_data[17]['y']: [19 19 19 10 10 10]
private_data[18]['y']: [14 14 14 13 13 13]
private_data[19]['y']: [14 14 14 17 17 17]
test performance ... 
0.0
0.28125
0.0
0.0
0.000992063492063492
0.25396825396825395
0.0
0.0
0.0
0.0
0.0
0.0
0.0
0.0
0.0
0.0
0.0
0.0
0.0
0.0
